This file contains any messages produced by compilers while
running configure, to aid debugging if configure makes a mistake.

It was created by libgphoto2 photo camera library configure 2.5.16, which was
generated by GNU Autoconf 2.69.  Invocation command line was

  $ ./configure --prefix=/usr/local

## --------- ##
## Platform. ##
## --------- ##

hostname = mdeore-lenovo-16
uname -m = x86_64
uname -r = 4.15.0-24-generic
uname -s = Linux
uname -v = #26~16.04.1-Ubuntu SMP Fri Jun 15 14:35:08 UTC 2018

/usr/bin/uname -p = unknown
/bin/uname -X     = unknown

/bin/arch              = unknown
/usr/bin/arch -k       = unknown
/usr/convex/getsysinfo = unknown
/usr/bin/hostinfo      = unknown
/bin/machine           = unknown
/usr/bin/oslevel       = unknown
/bin/universe          = unknown

PATH: /home/mdeore/bin
PATH: /home/mdeore/.local/bin
PATH: /home/mdeore/anaconda3/bin
PATH: /usr/local/sbin
PATH: /usr/local/bin
PATH: /usr/sbin
PATH: /usr/bin
PATH: /sbin
PATH: /bin
PATH: /usr/games
PATH: /usr/local/games
PATH: /snap/bin
PATH: /home/mdeore/caffe


## ----------- ##
## Core tests. ##
## ----------- ##

configure:2721: checking for a BSD-compatible install
configure:2789: result: /usr/bin/install -c
configure:2800: checking whether build environment is sane
configure:2855: result: yes
configure:3006: checking for a thread-safe mkdir -p
configure:3045: result: /bin/mkdir -p
configure:3052: checking for gawk
configure:3082: result: no
configure:3052: checking for mawk
configure:3068: found /usr/bin/mawk
configure:3079: result: mawk
configure:3090: checking whether make sets $(MAKE)
configure:3112: result: yes
configure:3141: checking whether make supports nested variables
configure:3158: result: yes
configure:3299: checking whether make supports nested variables
configure:3316: result: yes
configure:3337: checking for POSIX sh $() command substitution
configure:3341: result: yes
configure:3454: checking for gcc
configure:3470: found /usr/bin/gcc
configure:3481: result: gcc
configure:3710: checking for C compiler version
configure:3719: gcc --version >&5
gcc (Ubuntu 5.4.0-6ubuntu1~16.04.10) 5.4.0 20160609
Copyright (C) 2015 Free Software Foundation, Inc.
This is free software; see the source for copying conditions.  There is NO
warranty; not even for MERCHANTABILITY or FITNESS FOR A PARTICULAR PURPOSE.

configure:3730: $? = 0
configure:3719: gcc -v >&5
Using built-in specs.
COLLECT_GCC=gcc
COLLECT_LTO_WRAPPER=/usr/lib/gcc/x86_64-linux-gnu/5/lto-wrapper
Target: x86_64-linux-gnu
Configured with: ../src/configure -v --with-pkgversion='Ubuntu 5.4.0-6ubuntu1~16.04.10' --with-bugurl=file:///usr/share/doc/gcc-5/README.Bugs --enable-languages=c,ada,c++,java,go,d,fortran,objc,obj-c++ --prefix=/usr --program-suffix=-5 --enable-shared --enable-linker-build-id --libexecdir=/usr/lib --without-included-gettext --enable-threads=posix --libdir=/usr/lib --enable-nls --with-sysroot=/ --enable-clocale=gnu --enable-libstdcxx-debug --enable-libstdcxx-time=yes --with-default-libstdcxx-abi=new --enable-gnu-unique-object --disable-vtable-verify --enable-libmpx --enable-plugin --with-system-zlib --disable-browser-plugin --enable-java-awt=gtk --enable-gtk-cairo --with-java-home=/usr/lib/jvm/java-1.5.0-gcj-5-amd64/jre --enable-java-home --with-jvm-root-dir=/usr/lib/jvm/java-1.5.0-gcj-5-amd64 --with-jvm-jar-dir=/usr/lib/jvm-exports/java-1.5.0-gcj-5-amd64 --with-arch-directory=amd64 --with-ecj-jar=/usr/share/java/eclipse-ecj.jar --enable-objc-gc --enable-multiarch --disable-werror --with-arch-32=i686 --with-abi=m64 --with-multilib-list=m32,m64,mx32 --enable-multilib --with-tune=generic --enable-checking=release --build=x86_64-linux-gnu --host=x86_64-linux-gnu --target=x86_64-linux-gnu
Thread model: posix
gcc version 5.4.0 20160609 (Ubuntu 5.4.0-6ubuntu1~16.04.10) 
configure:3730: $? = 0
configure:3719: gcc -V >&5
gcc: error: unrecognized command line option '-V'
gcc: fatal error: no input files
compilation terminated.
configure:3730: $? = 1
configure:3719: gcc -qversion >&5
gcc: error: unrecognized command line option '-qversion'
gcc: fatal error: no input files
compilation terminated.
configure:3730: $? = 1
configure:3750: checking whether the C compiler works
configure:3772: gcc    conftest.c  >&5
configure:3776: $? = 0
configure:3824: result: yes
configure:3827: checking for C compiler default output file name
configure:3829: result: a.out
configure:3835: checking for suffix of executables
configure:3842: gcc -o conftest    conftest.c  >&5
configure:3846: $? = 0
configure:3868: result: 
configure:3890: checking whether we are cross compiling
configure:3898: gcc -o conftest    conftest.c  >&5
configure:3902: $? = 0
configure:3909: ./conftest
configure:3913: $? = 0
configure:3928: result: no
configure:3933: checking for suffix of object files
configure:3955: gcc -c   conftest.c >&5
configure:3959: $? = 0
configure:3980: result: o
configure:3984: checking whether we are using the GNU C compiler
configure:4003: gcc -c   conftest.c >&5
configure:4003: $? = 0
configure:4012: result: yes
configure:4021: checking whether gcc accepts -g
configure:4041: gcc -c -g  conftest.c >&5
configure:4041: $? = 0
configure:4082: result: yes
configure:4099: checking for gcc option to accept ISO C89
configure:4162: gcc  -c -g -O2  conftest.c >&5
configure:4162: $? = 0
configure:4175: result: none needed
configure:4200: checking whether gcc understands -c and -o together
configure:4222: gcc -c conftest.c -o conftest2.o
configure:4225: $? = 0
configure:4222: gcc -c conftest.c -o conftest2.o
configure:4225: $? = 0
configure:4237: result: yes
configure:4265: checking for style of include used by make
configure:4293: result: GNU
configure:4319: checking dependency style of gcc
configure:4430: result: gcc3
configure:4450: checking how to run the C preprocessor
configure:4481: gcc -E  conftest.c
configure:4481: $? = 0
configure:4495: gcc -E  conftest.c
conftest.c:11:28: fatal error: ac_nonexistent.h: No such file or directory
compilation terminated.
configure:4495: $? = 1
configure: failed program was:
| /* confdefs.h */
| #define PACKAGE_NAME "libgphoto2 photo camera library"
| #define PACKAGE_TARNAME "libgphoto2"
| #define PACKAGE_VERSION "2.5.16"
| #define PACKAGE_STRING "libgphoto2 photo camera library 2.5.16"
| #define PACKAGE_BUGREPORT "gphoto-devel@lists.sourceforge.net"
| #define PACKAGE_URL ""
| #define PACKAGE "libgphoto2"
| #define VERSION "2.5.16"
| /* end confdefs.h.  */
| #include <ac_nonexistent.h>
configure:4520: result: gcc -E
configure:4540: gcc -E  conftest.c
configure:4540: $? = 0
configure:4554: gcc -E  conftest.c
conftest.c:11:28: fatal error: ac_nonexistent.h: No such file or directory
compilation terminated.
configure:4554: $? = 1
configure: failed program was:
| /* confdefs.h */
| #define PACKAGE_NAME "libgphoto2 photo camera library"
| #define PACKAGE_TARNAME "libgphoto2"
| #define PACKAGE_VERSION "2.5.16"
| #define PACKAGE_STRING "libgphoto2 photo camera library 2.5.16"
| #define PACKAGE_BUGREPORT "gphoto-devel@lists.sourceforge.net"
| #define PACKAGE_URL ""
| #define PACKAGE "libgphoto2"
| #define VERSION "2.5.16"
| /* end confdefs.h.  */
| #include <ac_nonexistent.h>
configure:4640: checking for g++
configure:4656: found /usr/bin/g++
configure:4667: result: g++
configure:4694: checking for C++ compiler version
configure:4703: g++ --version >&5
g++ (Ubuntu 5.4.0-6ubuntu1~16.04.10) 5.4.0 20160609
Copyright (C) 2015 Free Software Foundation, Inc.
This is free software; see the source for copying conditions.  There is NO
warranty; not even for MERCHANTABILITY or FITNESS FOR A PARTICULAR PURPOSE.

configure:4714: $? = 0
configure:4703: g++ -v >&5
Using built-in specs.
COLLECT_GCC=g++
COLLECT_LTO_WRAPPER=/usr/lib/gcc/x86_64-linux-gnu/5/lto-wrapper
Target: x86_64-linux-gnu
Configured with: ../src/configure -v --with-pkgversion='Ubuntu 5.4.0-6ubuntu1~16.04.10' --with-bugurl=file:///usr/share/doc/gcc-5/README.Bugs --enable-languages=c,ada,c++,java,go,d,fortran,objc,obj-c++ --prefix=/usr --program-suffix=-5 --enable-shared --enable-linker-build-id --libexecdir=/usr/lib --without-included-gettext --enable-threads=posix --libdir=/usr/lib --enable-nls --with-sysroot=/ --enable-clocale=gnu --enable-libstdcxx-debug --enable-libstdcxx-time=yes --with-default-libstdcxx-abi=new --enable-gnu-unique-object --disable-vtable-verify --enable-libmpx --enable-plugin --with-system-zlib --disable-browser-plugin --enable-java-awt=gtk --enable-gtk-cairo --with-java-home=/usr/lib/jvm/java-1.5.0-gcj-5-amd64/jre --enable-java-home --with-jvm-root-dir=/usr/lib/jvm/java-1.5.0-gcj-5-amd64 --with-jvm-jar-dir=/usr/lib/jvm-exports/java-1.5.0-gcj-5-amd64 --with-arch-directory=amd64 --with-ecj-jar=/usr/share/java/eclipse-ecj.jar --enable-objc-gc --enable-multiarch --disable-werror --with-arch-32=i686 --with-abi=m64 --with-multilib-list=m32,m64,mx32 --enable-multilib --with-tune=generic --enable-checking=release --build=x86_64-linux-gnu --host=x86_64-linux-gnu --target=x86_64-linux-gnu
Thread model: posix
gcc version 5.4.0 20160609 (Ubuntu 5.4.0-6ubuntu1~16.04.10) 
configure:4714: $? = 0
configure:4703: g++ -V >&5
g++: error: unrecognized command line option '-V'
g++: fatal error: no input files
compilation terminated.
configure:4714: $? = 1
configure:4703: g++ -qversion >&5
g++: error: unrecognized command line option '-qversion'
g++: fatal error: no input files
compilation terminated.
configure:4714: $? = 1
configure:4718: checking whether we are using the GNU C++ compiler
configure:4737: g++ -c   conftest.cpp >&5
configure:4737: $? = 0
configure:4746: result: yes
configure:4755: checking whether g++ accepts -g
configure:4775: g++ -c -g  conftest.cpp >&5
configure:4775: $? = 0
configure:4816: result: yes
configure:4841: checking dependency style of g++
configure:4952: result: gcc3
configure:5019: checking for ar
configure:5035: found /usr/bin/ar
configure:5046: result: ar
configure:5072: checking the archiver (ar) interface
configure:5088: gcc -c -g -O2  conftest.c >&5
configure:5088: $? = 0
configure:5090: ar cru libconftest.a conftest.o >&5
ar: `u' modifier ignored since `D' is the default (see `U')
configure:5093: $? = 0
configure:5121: result: ar
configure:5174: checking for grep that handles long lines and -e
configure:5232: result: /bin/grep
configure:5237: checking for egrep
configure:5299: result: /bin/grep -E
configure:5304: checking for ANSI C header files
configure:5324: gcc -c -g -O2 -Wall -Wmissing-declarations -Wmissing-prototypes  conftest.c >&5
configure:5324: $? = 0
configure:5397: gcc -o conftest -g -O2 -Wall -Wmissing-declarations -Wmissing-prototypes   conftest.c  >&5
configure:5397: $? = 0
configure:5397: ./conftest
configure:5397: $? = 0
configure:5408: result: yes
configure:5421: checking for sys/types.h
configure:5421: gcc -c -g -O2 -Wall -Wmissing-declarations -Wmissing-prototypes  conftest.c >&5
configure:5421: $? = 0
configure:5421: result: yes
configure:5421: checking for sys/stat.h
configure:5421: gcc -c -g -O2 -Wall -Wmissing-declarations -Wmissing-prototypes  conftest.c >&5
configure:5421: $? = 0
configure:5421: result: yes
configure:5421: checking for stdlib.h
configure:5421: gcc -c -g -O2 -Wall -Wmissing-declarations -Wmissing-prototypes  conftest.c >&5
configure:5421: $? = 0
configure:5421: result: yes
configure:5421: checking for string.h
configure:5421: gcc -c -g -O2 -Wall -Wmissing-declarations -Wmissing-prototypes  conftest.c >&5
configure:5421: $? = 0
configure:5421: result: yes
configure:5421: checking for memory.h
configure:5421: gcc -c -g -O2 -Wall -Wmissing-declarations -Wmissing-prototypes  conftest.c >&5
configure:5421: $? = 0
configure:5421: result: yes
configure:5421: checking for strings.h
configure:5421: gcc -c -g -O2 -Wall -Wmissing-declarations -Wmissing-prototypes  conftest.c >&5
configure:5421: $? = 0
configure:5421: result: yes
configure:5421: checking for inttypes.h
configure:5421: gcc -c -g -O2 -Wall -Wmissing-declarations -Wmissing-prototypes  conftest.c >&5
configure:5421: $? = 0
configure:5421: result: yes
configure:5421: checking for stdint.h
configure:5421: gcc -c -g -O2 -Wall -Wmissing-declarations -Wmissing-prototypes  conftest.c >&5
configure:5421: $? = 0
configure:5421: result: yes
configure:5421: checking for unistd.h
configure:5421: gcc -c -g -O2 -Wall -Wmissing-declarations -Wmissing-prototypes  conftest.c >&5
configure:5421: $? = 0
configure:5421: result: yes
configure:5433: checking stdarg.h usability
configure:5433: gcc -c -g -O2 -Wall -Wmissing-declarations -Wmissing-prototypes  conftest.c >&5
configure:5433: $? = 0
configure:5433: result: yes
configure:5433: checking stdarg.h presence
configure:5433: gcc -E  conftest.c
configure:5433: $? = 0
configure:5433: result: yes
configure:5433: checking for stdarg.h
configure:5433: result: yes
configure:5462: gcc -o conftest -g -O2 -Wall -Wmissing-declarations -Wmissing-prototypes   conftest.c  >&5
configure:5462: $? = 0
configure:5498: checking for va_copy() or replacement
configure:5500: result: va_copy
configure:5533: checking for flex
configure:5566: result: no
configure:5574: checking for bison
configure:5607: result: no
configure:5614: checking whether to enable GP2DDB
configure:5631: result: 
configure:5697: checking build system type
configure:5711: result: x86_64-unknown-linux-gnu
configure:5731: checking host system type
configure:5744: result: x86_64-unknown-linux-gnu
configure:6117: checking how to print strings
configure:6144: result: printf
configure:6165: checking for a sed that does not truncate output
configure:6229: result: sed
configure:6247: checking for fgrep
configure:6309: result: /bin/grep -F
configure:6344: checking for ld used by gcc
configure:6411: result: /usr/bin/ld
configure:6418: checking if the linker (/usr/bin/ld) is GNU ld
configure:6433: result: yes
configure:6445: checking for BSD- or MS-compatible name lister (nm)
configure:6499: result: /usr/bin/nm -B
configure:6629: checking the name lister (/usr/bin/nm -B) interface
configure:6636: gcc -c -g -O2 -Wall -Wmissing-declarations -Wmissing-prototypes  conftest.c >&5
configure:6639: /usr/bin/nm -B "conftest.o"
configure:6642: output
0000000000000000 B some_variable
configure:6649: result: BSD nm
configure:6652: checking whether ln -s works
configure:6656: result: yes
configure:6664: checking the maximum length of command line arguments
configure:6795: result: 1572864
configure:6843: checking how to convert x86_64-unknown-linux-gnu file names to x86_64-unknown-linux-gnu format
configure:6883: result: func_convert_file_noop
configure:6890: checking how to convert x86_64-unknown-linux-gnu file names to toolchain format
configure:6910: result: func_convert_file_noop
configure:6917: checking for /usr/bin/ld option to reload object files
configure:6924: result: -r
configure:6998: checking for objdump
configure:7025: result: objdump
configure:7054: checking how to recognize dependent libraries
configure:7254: result: pass_all
configure:7339: checking for dlltool
configure:7366: result: dlltool
configure:7396: checking how to associate runtime and link libraries
configure:7423: result: printf %s\n
configure:7547: checking for archiver @FILE support
configure:7564: gcc -c -g -O2 -Wall -Wmissing-declarations -Wmissing-prototypes  conftest.c >&5
configure:7564: $? = 0
configure:7567: ar cru libconftest.a @conftest.lst >&5
ar: `u' modifier ignored since `D' is the default (see `U')
configure:7570: $? = 0
configure:7575: ar cru libconftest.a @conftest.lst >&5
ar: `u' modifier ignored since `D' is the default (see `U')
ar: conftest.o: No such file or directory
configure:7578: $? = 1
configure:7590: result: @
configure:7648: checking for strip
configure:7664: found /usr/bin/strip
configure:7675: result: strip
configure:7747: checking for ranlib
configure:7763: found /usr/bin/ranlib
configure:7774: result: ranlib
configure:7876: checking command to parse /usr/bin/nm -B output from gcc object
configure:8029: gcc -c -g -O2 -Wall -Wmissing-declarations -Wmissing-prototypes  conftest.c >&5
configure:8032: $? = 0
configure:8036: /usr/bin/nm -B conftest.o \| sed -n -e 's/^.*[ ]\([ABCDGIRSTW][ABCDGIRSTW]*\)[ ][ ]*\([_A-Za-z][_A-Za-z0-9]*\)$/\1 \2 \2/p' | sed '/ __gnu_lto/d' \> conftest.nm
configure:8039: $? = 0
configure:8105: gcc -o conftest -g -O2 -Wall -Wmissing-declarations -Wmissing-prototypes   conftest.c conftstm.o >&5
configure:8108: $? = 0
configure:8146: result: ok
configure:8193: checking for sysroot
configure:8223: result: no
configure:8230: checking for a working dd
configure:8268: result: /bin/dd
configure:8272: checking how to truncate binary pipes
configure:8287: result: /bin/dd bs=4096 count=1
configure:8423: gcc -c -g -O2 -Wall -Wmissing-declarations -Wmissing-prototypes  conftest.c >&5
configure:8426: $? = 0
configure:8616: checking for mt
configure:8632: found /bin/mt
configure:8643: result: mt
configure:8666: checking if mt is a manifest tool
configure:8672: mt '-?'
configure:8680: result: no
configure:9354: checking for dlfcn.h
configure:9354: gcc -c -g -O2 -Wall -Wmissing-declarations -Wmissing-prototypes  conftest.c >&5
configure:9354: $? = 0
configure:9354: result: yes
configure:9587: checking for objdir
configure:9602: result: .libs
configure:9866: checking if gcc supports -fno-rtti -fno-exceptions
configure:9884: gcc -c -g -O2 -Wall -Wmissing-declarations -Wmissing-prototypes  -fno-rtti -fno-exceptions conftest.c >&5
cc1: warning: command line option '-fno-rtti' is valid for C++/ObjC++ but not for C
configure:9888: $? = 0
configure:9901: result: no
configure:10259: checking for gcc option to produce PIC
configure:10266: result: -fPIC -DPIC
configure:10274: checking if gcc PIC flag -fPIC -DPIC works
configure:10292: gcc -c -g -O2 -Wall -Wmissing-declarations -Wmissing-prototypes  -fPIC -DPIC -DPIC conftest.c >&5
configure:10296: $? = 0
configure:10309: result: yes
configure:10338: checking if gcc static flag -static works
configure:10366: result: yes
configure:10381: checking if gcc supports -c -o file.o
configure:10402: gcc -c -g -O2 -Wall -Wmissing-declarations -Wmissing-prototypes  -o out/conftest2.o conftest.c >&5
configure:10406: $? = 0
configure:10428: result: yes
configure:10436: checking if gcc supports -c -o file.o
configure:10483: result: yes
configure:10516: checking whether the gcc linker (/usr/bin/ld -m elf_x86_64) supports shared libraries
configure:11775: result: yes
configure:11812: checking whether -lc should be explicitly linked in
configure:11820: gcc -c -g -O2 -Wall -Wmissing-declarations -Wmissing-prototypes  conftest.c >&5
configure:11823: $? = 0
configure:11838: gcc -shared  -fPIC -DPIC conftest.o  -v -Wl,-soname -Wl,conftest -o conftest 2\>\&1 \| /bin/grep  -lc  \>/dev/null 2\>\&1
configure:11841: $? = 0
configure:11855: result: no
configure:12015: checking dynamic linker characteristics
configure:12596: gcc -o conftest -g -O2 -Wall -Wmissing-declarations -Wmissing-prototypes   -Wl,-rpath -Wl,/foo conftest.c  >&5
configure:12596: $? = 0
configure:12833: result: GNU/Linux ld.so
configure:12955: checking how to hardcode library paths into programs
configure:12980: result: immediate
configure:13082: checking for shl_load
configure:13082: gcc -o conftest -g -O2 -Wall -Wmissing-declarations -Wmissing-prototypes   conftest.c  >&5
/tmp/ccZbyabL.o: In function `main':
/home/mdeore/360D-sampler/slrs/conftest.c:58: undefined reference to `shl_load'
collect2: error: ld returned 1 exit status
configure:13082: $? = 1
configure: failed program was:
| /* confdefs.h */
| #define PACKAGE_NAME "libgphoto2 photo camera library"
| #define PACKAGE_TARNAME "libgphoto2"
| #define PACKAGE_VERSION "2.5.16"
| #define PACKAGE_STRING "libgphoto2 photo camera library 2.5.16"
| #define PACKAGE_BUGREPORT "gphoto-devel@lists.sourceforge.net"
| #define PACKAGE_URL ""
| #define PACKAGE "libgphoto2"
| #define VERSION "2.5.16"
| #define STDC_HEADERS 1
| #define HAVE_SYS_TYPES_H 1
| #define HAVE_SYS_STAT_H 1
| #define HAVE_STDLIB_H 1
| #define HAVE_STRING_H 1
| #define HAVE_MEMORY_H 1
| #define HAVE_STRINGS_H 1
| #define HAVE_INTTYPES_H 1
| #define HAVE_STDINT_H 1
| #define HAVE_UNISTD_H 1
| #define HAVE_VA_COPY 1
| #define HAVE_DLFCN_H 1
| #define LT_OBJDIR ".libs/"
| /* end confdefs.h.  */
| /* Define shl_load to an innocuous variant, in case <limits.h> declares shl_load.
|    For example, HP-UX 11i <limits.h> declares gettimeofday.  */
| #define shl_load innocuous_shl_load
| 
| /* System header to define __stub macros and hopefully few prototypes,
|     which can conflict with char shl_load (); below.
|     Prefer <limits.h> to <assert.h> if __STDC__ is defined, since
|     <limits.h> exists even on freestanding compilers.  */
| 
| #ifdef __STDC__
| # include <limits.h>
| #else
| # include <assert.h>
| #endif
| 
| #undef shl_load
| 
| /* Override any GCC internal prototype to avoid an error.
|    Use char because int might match the return type of a GCC
|    builtin and then its argument prototype would still apply.  */
| #ifdef __cplusplus
| extern "C"
| #endif
| char shl_load ();
| /* The GNU C library defines this for functions which it implements
|     to always fail with ENOSYS.  Some functions are actually named
|     something starting with __ and the normal name is an alias.  */
| #if defined __stub_shl_load || defined __stub___shl_load
| choke me
| #endif
| 
| int
| main ()
| {
| return shl_load ();
|   ;
|   return 0;
| }
configure:13082: result: no
configure:13086: checking for shl_load in -ldld
configure:13111: gcc -o conftest -g -O2 -Wall -Wmissing-declarations -Wmissing-prototypes   conftest.c -ldld   >&5
/usr/bin/ld: cannot find -ldld
collect2: error: ld returned 1 exit status
configure:13111: $? = 1
configure: failed program was:
| /* confdefs.h */
| #define PACKAGE_NAME "libgphoto2 photo camera library"
| #define PACKAGE_TARNAME "libgphoto2"
| #define PACKAGE_VERSION "2.5.16"
| #define PACKAGE_STRING "libgphoto2 photo camera library 2.5.16"
| #define PACKAGE_BUGREPORT "gphoto-devel@lists.sourceforge.net"
| #define PACKAGE_URL ""
| #define PACKAGE "libgphoto2"
| #define VERSION "2.5.16"
| #define STDC_HEADERS 1
| #define HAVE_SYS_TYPES_H 1
| #define HAVE_SYS_STAT_H 1
| #define HAVE_STDLIB_H 1
| #define HAVE_STRING_H 1
| #define HAVE_MEMORY_H 1
| #define HAVE_STRINGS_H 1
| #define HAVE_INTTYPES_H 1
| #define HAVE_STDINT_H 1
| #define HAVE_UNISTD_H 1
| #define HAVE_VA_COPY 1
| #define HAVE_DLFCN_H 1
| #define LT_OBJDIR ".libs/"
| /* end confdefs.h.  */
| 
| /* Override any GCC internal prototype to avoid an error.
|    Use char because int might match the return type of a GCC
|    builtin and then its argument prototype would still apply.  */
| #ifdef __cplusplus
| extern "C"
| #endif
| char shl_load ();
| int
| main ()
| {
| return shl_load ();
|   ;
|   return 0;
| }
configure:13120: result: no
configure:13125: checking for dlopen
configure:13125: gcc -o conftest -g -O2 -Wall -Wmissing-declarations -Wmissing-prototypes   conftest.c  >&5
/tmp/cc1tVgoQ.o: In function `main':
/home/mdeore/360D-sampler/slrs/conftest.c:58: undefined reference to `dlopen'
collect2: error: ld returned 1 exit status
configure:13125: $? = 1
configure: failed program was:
| /* confdefs.h */
| #define PACKAGE_NAME "libgphoto2 photo camera library"
| #define PACKAGE_TARNAME "libgphoto2"
| #define PACKAGE_VERSION "2.5.16"
| #define PACKAGE_STRING "libgphoto2 photo camera library 2.5.16"
| #define PACKAGE_BUGREPORT "gphoto-devel@lists.sourceforge.net"
| #define PACKAGE_URL ""
| #define PACKAGE "libgphoto2"
| #define VERSION "2.5.16"
| #define STDC_HEADERS 1
| #define HAVE_SYS_TYPES_H 1
| #define HAVE_SYS_STAT_H 1
| #define HAVE_STDLIB_H 1
| #define HAVE_STRING_H 1
| #define HAVE_MEMORY_H 1
| #define HAVE_STRINGS_H 1
| #define HAVE_INTTYPES_H 1
| #define HAVE_STDINT_H 1
| #define HAVE_UNISTD_H 1
| #define HAVE_VA_COPY 1
| #define HAVE_DLFCN_H 1
| #define LT_OBJDIR ".libs/"
| /* end confdefs.h.  */
| /* Define dlopen to an innocuous variant, in case <limits.h> declares dlopen.
|    For example, HP-UX 11i <limits.h> declares gettimeofday.  */
| #define dlopen innocuous_dlopen
| 
| /* System header to define __stub macros and hopefully few prototypes,
|     which can conflict with char dlopen (); below.
|     Prefer <limits.h> to <assert.h> if __STDC__ is defined, since
|     <limits.h> exists even on freestanding compilers.  */
| 
| #ifdef __STDC__
| # include <limits.h>
| #else
| # include <assert.h>
| #endif
| 
| #undef dlopen
| 
| /* Override any GCC internal prototype to avoid an error.
|    Use char because int might match the return type of a GCC
|    builtin and then its argument prototype would still apply.  */
| #ifdef __cplusplus
| extern "C"
| #endif
| char dlopen ();
| /* The GNU C library defines this for functions which it implements
|     to always fail with ENOSYS.  Some functions are actually named
|     something starting with __ and the normal name is an alias.  */
| #if defined __stub_dlopen || defined __stub___dlopen
| choke me
| #endif
| 
| int
| main ()
| {
| return dlopen ();
|   ;
|   return 0;
| }
configure:13125: result: no
configure:13129: checking for dlopen in -ldl
configure:13154: gcc -o conftest -g -O2 -Wall -Wmissing-declarations -Wmissing-prototypes   conftest.c -ldl   >&5
configure:13154: $? = 0
configure:13163: result: yes
configure:13282: checking whether a program can dlopen itself
configure:13362: gcc -o conftest -g -O2 -Wall -Wmissing-declarations -Wmissing-prototypes  -DHAVE_DLFCN_H  -Wl,--export-dynamic conftest.c -ldl  >&5
configure:13338:5: warning: no previous prototype for 'fnord' [-Wmissing-prototypes]
 #endif
     ^
configure:13365: $? = 0
configure:13383: result: yes
configure:13388: checking whether a statically linked program can dlopen itself
configure:13468: gcc -o conftest -g -O2 -Wall -Wmissing-declarations -Wmissing-prototypes  -DHAVE_DLFCN_H  -Wl,--export-dynamic -static conftest.c -ldl  >&5
configure:13444:5: warning: no previous prototype for 'fnord' [-Wmissing-prototypes]
 #endif
     ^
/tmp/ccHwb5RX.o: In function `main':
/home/mdeore/360D-sampler/slrs/configure:13447: warning: Using 'dlopen' in statically linked applications requires at runtime the shared libraries from the glibc version used for linking
/usr/bin/ld: dynamic STT_GNU_IFUNC symbol `strcmp' with pointer equality in `/usr/lib/gcc/x86_64-linux-gnu/5/../../../x86_64-linux-gnu/libc.a(strcmp.o)' can not be used when making an executable; recompile with -fPIE and relink with -pie
collect2: error: ld returned 1 exit status
configure:13471: $? = 1
configure:13489: result: no
configure:13528: checking whether stripping libraries is possible
configure:13533: result: yes
configure:13568: checking if libtool supports shared libraries
configure:13570: result: yes
configure:13573: checking whether to build shared libraries
configure:13598: result: yes
configure:13601: checking whether to build static libraries
configure:13605: result: no
configure:13628: checking how to run the C++ preprocessor
configure:13655: g++ -E  conftest.cpp
configure:13655: $? = 0
configure:13669: g++ -E  conftest.cpp
conftest.cpp:24:28: fatal error: ac_nonexistent.h: No such file or directory
compilation terminated.
configure:13669: $? = 1
configure: failed program was:
| /* confdefs.h */
| #define PACKAGE_NAME "libgphoto2 photo camera library"
| #define PACKAGE_TARNAME "libgphoto2"
| #define PACKAGE_VERSION "2.5.16"
| #define PACKAGE_STRING "libgphoto2 photo camera library 2.5.16"
| #define PACKAGE_BUGREPORT "gphoto-devel@lists.sourceforge.net"
| #define PACKAGE_URL ""
| #define PACKAGE "libgphoto2"
| #define VERSION "2.5.16"
| #define STDC_HEADERS 1
| #define HAVE_SYS_TYPES_H 1
| #define HAVE_SYS_STAT_H 1
| #define HAVE_STDLIB_H 1
| #define HAVE_STRING_H 1
| #define HAVE_MEMORY_H 1
| #define HAVE_STRINGS_H 1
| #define HAVE_INTTYPES_H 1
| #define HAVE_STDINT_H 1
| #define HAVE_UNISTD_H 1
| #define HAVE_VA_COPY 1
| #define HAVE_DLFCN_H 1
| #define LT_OBJDIR ".libs/"
| /* end confdefs.h.  */
| #include <ac_nonexistent.h>
configure:13694: result: g++ -E
configure:13714: g++ -E  conftest.cpp
configure:13714: $? = 0
configure:13728: g++ -E  conftest.cpp
conftest.cpp:24:28: fatal error: ac_nonexistent.h: No such file or directory
compilation terminated.
configure:13728: $? = 1
configure: failed program was:
| /* confdefs.h */
| #define PACKAGE_NAME "libgphoto2 photo camera library"
| #define PACKAGE_TARNAME "libgphoto2"
| #define PACKAGE_VERSION "2.5.16"
| #define PACKAGE_STRING "libgphoto2 photo camera library 2.5.16"
| #define PACKAGE_BUGREPORT "gphoto-devel@lists.sourceforge.net"
| #define PACKAGE_URL ""
| #define PACKAGE "libgphoto2"
| #define VERSION "2.5.16"
| #define STDC_HEADERS 1
| #define HAVE_SYS_TYPES_H 1
| #define HAVE_SYS_STAT_H 1
| #define HAVE_STDLIB_H 1
| #define HAVE_STRING_H 1
| #define HAVE_MEMORY_H 1
| #define HAVE_STRINGS_H 1
| #define HAVE_INTTYPES_H 1
| #define HAVE_STDINT_H 1
| #define HAVE_UNISTD_H 1
| #define HAVE_VA_COPY 1
| #define HAVE_DLFCN_H 1
| #define LT_OBJDIR ".libs/"
| /* end confdefs.h.  */
| #include <ac_nonexistent.h>
configure:13890: checking for ld used by g++
configure:13957: result: /usr/bin/ld -m elf_x86_64
configure:13964: checking if the linker (/usr/bin/ld -m elf_x86_64) is GNU ld
configure:13979: result: yes
configure:14034: checking whether the g++ linker (/usr/bin/ld -m elf_x86_64) supports shared libraries
configure:15107: result: yes
configure:15143: g++ -c -g -O2  conftest.cpp >&5
configure:15146: $? = 0
configure:15627: checking for g++ option to produce PIC
configure:15634: result: -fPIC -DPIC
configure:15642: checking if g++ PIC flag -fPIC -DPIC works
configure:15660: g++ -c -g -O2  -fPIC -DPIC -DPIC conftest.cpp >&5
configure:15664: $? = 0
configure:15677: result: yes
configure:15700: checking if g++ static flag -static works
configure:15728: result: yes
configure:15740: checking if g++ supports -c -o file.o
configure:15761: g++ -c -g -O2  -o out/conftest2.o conftest.cpp >&5
configure:15765: $? = 0
configure:15787: result: yes
configure:15792: checking if g++ supports -c -o file.o
configure:15839: result: yes
configure:15869: checking whether the g++ linker (/usr/bin/ld -m elf_x86_64) supports shared libraries
configure:15909: result: yes
configure:16050: checking dynamic linker characteristics
configure:16795: result: GNU/Linux ld.so
configure:16860: checking how to hardcode library paths into programs
configure:16885: result: immediate
configure:16950: checking ltdl.h usability
configure:16950: gcc -c -g -O2 -Wall -Wmissing-declarations -Wmissing-prototypes  conftest.c >&5
configure:16950: $? = 0
configure:16950: result: yes
configure:16950: checking ltdl.h presence
configure:16950: gcc -E  conftest.c
configure:16950: $? = 0
configure:16950: result: yes
configure:16950: checking for ltdl.h
configure:16950: result: yes
configure:16952: checking for lt_dlinit in -lltdl
configure:16977: gcc -o conftest -g -O2 -Wall -Wmissing-declarations -Wmissing-prototypes   conftest.c -lltdl   >&5
configure:16977: $? = 0
configure:16986: result: yes
configure:17021: checking that we can compile and link with libltdl
configure:17041: gcc -o conftest -g -O2 -Wall -Wmissing-declarations -Wmissing-prototypes    conftest.c  -lltdl >&5
conftest.c: In function 'main':
conftest.c:31:5: warning: unused variable 'ret' [-Wunused-variable]
 int ret = lt_dlforeachfile("/usr/lib:/usr/local/lib", NULL, NULL);
     ^
configure:17041: $? = 0
configure:17042: result: yes
configure:17222: checking for po/Makevars requiring hack
configure:17226: result: yes, done.
configure:17248: checking whether NLS is requested
configure:17257: result: yes
configure:17295: checking for msgfmt
configure:17326: result: /usr/bin/msgfmt
configure:17335: checking for gmsgfmt
configure:17366: result: /usr/bin/msgfmt
configure:17406: checking for xgettext
configure:17437: result: /usr/bin/xgettext
configure:17477: checking for msgmerge
configure:17507: result: /usr/bin/msgmerge
configure:17582: checking for ld used by GCC
configure:17646: result: /usr/bin/ld -m elf_x86_64
configure:17653: checking if the linker (/usr/bin/ld -m elf_x86_64) is GNU ld
configure:17666: result: yes
configure:17672: checking for shared library run path origin
configure:17685: result: done
configure:18101: checking whether NLS is requested
configure:18110: result: yes
configure:18128: checking for GNU gettext in libc
configure:18147: gcc -o conftest -g -O2 -Wall -Wmissing-declarations -Wmissing-prototypes   conftest.c  >&5
conftest.c: In function 'main':
conftest.c:42:8: warning: cast from pointer to integer of different size [-Wpointer-to-int-cast]
 return (int) gettext ("") + _nl_msg_cat_cntr + *_nl_domain_bindings
        ^
configure:18147: $? = 0
configure:18155: result: yes
configure:18735: checking whether to use NLS
configure:18737: result: yes
configure:18740: checking where the gettext function comes from
configure:18751: result: libc
configure:18842: checking for msgfmt
configure:18873: result: /usr/bin/msgfmt
configure:18882: checking for gmsgfmt
configure:18913: result: /usr/bin/msgfmt
configure:18953: checking for xgettext
configure:18984: result: /usr/bin/xgettext
configure:19024: checking for msgmerge
configure:19054: result: /usr/bin/msgmerge
configure:19119: checking for iconv
configure:19141: gcc -o conftest -g -O2 -Wall -Wmissing-declarations -Wmissing-prototypes   conftest.c  >&5
configure:19141: $? = 0
configure:19173: result: yes
configure:19194: checking for iconv declaration
configure:19223: gcc -c -g -O2 -Wall -Wmissing-declarations -Wmissing-prototypes  conftest.c >&5
configure:19223: $? = 0
configure:19234: result: 
         extern size_t iconv (iconv_t cd, char * *inbuf, size_t *inbytesleft, char * *outbuf, size_t *outbytesleft);
configure:19290: checking for special C compiler options needed for large files
configure:19335: result: no
configure:19341: checking for _FILE_OFFSET_BITS value needed for large files
configure:19366: gcc -c -g -O2 -Wall -Wmissing-declarations -Wmissing-prototypes  conftest.c >&5
configure:19366: $? = 0
configure:19398: result: no
configure:19484: checking for asm .symver support
configure:19503: gcc -c -g -O2 -Wall -Wmissing-declarations -Wmissing-prototypes  conftest.c >&5
conftest.c: In function 'f1':
conftest.c:45:3: warning: no return statement in function returning non-void [-Wreturn-type]
   int f1() { }
   ^
conftest.c: In function 'f2':
conftest.c:46:3: warning: no return statement in function returning non-void [-Wreturn-type]
   int f2() { }
   ^
conftest.c: In function 'main':
conftest.c:49:7: warning: 'main' is normally a non-static function [-Wmain]
   int main(int argc, char **argv) { }
       ^
configure:19503: $? = 0
configure:19509: result: yes
configure:19522: checking for main in -libs
configure:19541: gcc -o conftest -g -O2 -Wall -Wmissing-declarations -Wmissing-prototypes   conftest.c -libs   >&5
/usr/bin/ld: cannot find -libs
collect2: error: ld returned 1 exit status
configure:19541: $? = 1
configure: failed program was:
| /* confdefs.h */
| #define PACKAGE_NAME "libgphoto2 photo camera library"
| #define PACKAGE_TARNAME "libgphoto2"
| #define PACKAGE_VERSION "2.5.16"
| #define PACKAGE_STRING "libgphoto2 photo camera library 2.5.16"
| #define PACKAGE_BUGREPORT "gphoto-devel@lists.sourceforge.net"
| #define PACKAGE_URL ""
| #define PACKAGE "libgphoto2"
| #define VERSION "2.5.16"
| #define STDC_HEADERS 1
| #define HAVE_SYS_TYPES_H 1
| #define HAVE_SYS_STAT_H 1
| #define HAVE_STDLIB_H 1
| #define HAVE_STRING_H 1
| #define HAVE_MEMORY_H 1
| #define HAVE_STRINGS_H 1
| #define HAVE_INTTYPES_H 1
| #define HAVE_STDINT_H 1
| #define HAVE_UNISTD_H 1
| #define HAVE_VA_COPY 1
| #define HAVE_DLFCN_H 1
| #define LT_OBJDIR ".libs/"
| #define HAVE_LTDL 1
| #define HAVE_CC "gcc"
| #define URL_GPHOTO_HOME "http://www.gphoto.org/"
| #define URL_GPHOTO_PROJECT "https://github.com/gphoto"
| #define URL_DIGICAM_LIST "http://www.teaser.fr/~hfiguiere/linux/digicam.html"
| #define URL_JPHOTO_HOME "http://jphoto.sourceforge.net/"
| #define URL_USB_MASSSTORAGE "http://www.linux-usb.org/USB-guide/x498.html"
| #define MAIL_GPHOTO_DEVEL "<gphoto-devel@lists.sourceforge.net>"
| #define MAIL_GPHOTO_USER "<gphoto-user@lists.sourceforge.net>"
| #define MAIL_GPHOTO_TRANSLATION "<gphoto-translation@lists.sourceforge.net>"
| #define GETTEXT_PACKAGE "libgphoto2-6"
| #define ENABLE_NLS 1
| #define HAVE_GETTEXT 1
| #define HAVE_DCGETTEXT 1
| #define HAVE_ICONV 1
| #define ICONV_CONST 
| #define HAVE_ASM_SYMVERS 1
| /* end confdefs.h.  */
| 
| 
| int
| main ()
| {
| return main ();
|   ;
|   return 0;
| }
configure:19550: result: no
configure:19574: checking for jpeg_start_decompress in -ljpeg
configure:19599: gcc -o conftest -g -O2 -Wall -Wmissing-declarations -Wmissing-prototypes   conftest.c -ljpeg   >&5
configure:19599: $? = 0
configure:19608: result: yes
configure:19612: checking jpeglib.h usability
configure:19612: gcc -c -g -O2 -Wall -Wmissing-declarations -Wmissing-prototypes  conftest.c >&5
configure:19612: $? = 0
configure:19612: result: yes
configure:19612: checking jpeglib.h presence
configure:19612: gcc -E  conftest.c
configure:19612: $? = 0
configure:19612: result: yes
configure:19612: checking for jpeglib.h
configure:19612: result: yes
configure:19694: checking for pkg-config
configure:19712: found /usr/bin/pkg-config
configure:19724: result: /usr/bin/pkg-config
configure:19749: checking pkg-config is at least version 0.9.0
configure:19752: result: yes
configure:19760: checking for dynamic library extension
configure:19785: result: .so
configure:19800: checking for libxml-2.0 to use
configure:19818: result: autodetect
configure:19827: checking for LIBXML2
configure:19834: $PKG_CONFIG --exists --print-errors "libxml-2.0 >= 2.0"
Package libxml-2.0 was not found in the pkg-config search path.
Perhaps you should add the directory containing `libxml-2.0.pc'
to the PKG_CONFIG_PATH environment variable
No package 'libxml-2.0' found
configure:19837: $? = 1
configure:19851: $PKG_CONFIG --exists --print-errors "libxml-2.0 >= 2.0"
Package libxml-2.0 was not found in the pkg-config search path.
Perhaps you should add the directory containing `libxml-2.0.pc'
to the PKG_CONFIG_PATH environment variable
No package 'libxml-2.0' found
configure:19854: $? = 1
configure:19868: result: no
No package 'libxml-2.0' found
configure:19900: checking libxml-2.0 config program
configure:19902: result: xml2-config
configure:19906: checking for xml2-config
configure:19924: found /home/mdeore/anaconda3/bin/xml2-config
configure:19936: result: /home/mdeore/anaconda3/bin/xml2-config
configure:19947: checking for libxml-2.0 version according to xml2-config
configure:19961: result: 2.9.8
configure:19970: checking if libxml-2.0 version is matching requirement >= 2.0
configure:19977: result: yes
configure:19980: checking for libxml-2.0 parameters from xml2-config
configure:19990: result: ok
configure:20053: checking libxml/parser.h usability
configure:20053: gcc -c -g -O2 -Wall -Wmissing-declarations -Wmissing-prototypes -I/home/mdeore/anaconda3/include/libxml2 -I/home/mdeore/anaconda3/include conftest.c >&5
configure:20053: $? = 0
configure:20053: result: yes
configure:20053: checking libxml/parser.h presence
configure:20053: gcc -E -I/home/mdeore/anaconda3/include/libxml2 -I/home/mdeore/anaconda3/include conftest.c
configure:20053: $? = 0
configure:20053: result: yes
configure:20053: checking for libxml/parser.h
configure:20053: result: yes
configure:20064: checking for function xmlFirstElementChild in libxml-2.0
configure:20086: gcc -o conftest -g -O2 -Wall -Wmissing-declarations -Wmissing-prototypes   conftest.c -L/home/mdeore/anaconda3/lib -lxml2 -L/home/mdeore/anaconda3/lib -lz -L/home/mdeore/anaconda3/lib -llzma -L/home/mdeore/anaconda3/lib -L/home/mdeore/anaconda3/lib -licui18n -licuuc -licudata -lm -ldl >&5
configure:20086: $? = 0
configure:20094: result: yes
configure:20118: checking libxml-2.0 library flags
configure:20120: result: "-L/home/mdeore/anaconda3/lib -lxml2 -L/home/mdeore/anaconda3/lib -lz -L/home/mdeore/anaconda3/lib -llzma -L/home/mdeore/anaconda3/lib -L/home/mdeore/anaconda3/lib -licui18n -licuuc -licudata -lm -ldl"
configure:20122: checking libxml-2.0 cpp flags
configure:20124: result: "-I/home/mdeore/anaconda3/include/libxml2 -I/home/mdeore/anaconda3/include"
configure:20160: checking for gdlib to use
configure:20178: result: autodetect
configure:20187: checking for LIBGD
configure:20194: $PKG_CONFIG --exists --print-errors "gdlib >= 2.0"
Package gdlib was not found in the pkg-config search path.
Perhaps you should add the directory containing `gdlib.pc'
to the PKG_CONFIG_PATH environment variable
No package 'gdlib' found
configure:20197: $? = 1
configure:20211: $PKG_CONFIG --exists --print-errors "gdlib >= 2.0"
Package gdlib was not found in the pkg-config search path.
Perhaps you should add the directory containing `gdlib.pc'
to the PKG_CONFIG_PATH environment variable
No package 'gdlib' found
configure:20214: $? = 1
configure:20228: result: no
No package 'gdlib' found
configure:20260: checking gdlib config program
configure:20262: result: gdlib-config
configure:20266: checking for gdlib-config
configure:20299: result: no
configure:20521: checking for dirent.h that defines DIR
configure:20540: gcc -c -g -O2 -Wall -Wmissing-declarations -Wmissing-prototypes  conftest.c >&5
configure:20540: $? = 0
configure:20548: result: yes
configure:20561: checking for library containing opendir
configure:20592: gcc -o conftest -g -O2 -Wall -Wmissing-declarations -Wmissing-prototypes   conftest.c  >&5
configure:20592: $? = 0
configure:20609: result: none required
configure:20677: checking for ANSI C header files
configure:20781: result: yes
configure:20793: checking sys/param.h usability
configure:20793: gcc -c -g -O2 -Wall -Wmissing-declarations -Wmissing-prototypes  conftest.c >&5
configure:20793: $? = 0
configure:20793: result: yes
configure:20793: checking sys/param.h presence
configure:20793: gcc -E  conftest.c
configure:20793: $? = 0
configure:20793: result: yes
configure:20793: checking for sys/param.h
configure:20793: result: yes
configure:20793: checking sys/mman.h usability
configure:20793: gcc -c -g -O2 -Wall -Wmissing-declarations -Wmissing-prototypes  conftest.c >&5
configure:20793: $? = 0
configure:20793: result: yes
configure:20793: checking sys/mman.h presence
configure:20793: gcc -E  conftest.c
configure:20793: $? = 0
configure:20793: result: yes
configure:20793: checking for sys/mman.h
configure:20793: result: yes
configure:20793: checking sys/select.h usability
configure:20793: gcc -c -g -O2 -Wall -Wmissing-declarations -Wmissing-prototypes  conftest.c >&5
configure:20793: $? = 0
configure:20793: result: yes
configure:20793: checking sys/select.h presence
configure:20793: gcc -E  conftest.c
configure:20793: $? = 0
configure:20793: result: yes
configure:20793: checking for sys/select.h
configure:20793: result: yes
configure:20793: checking locale.h usability
configure:20793: gcc -c -g -O2 -Wall -Wmissing-declarations -Wmissing-prototypes  conftest.c >&5
configure:20793: $? = 0
configure:20793: result: yes
configure:20793: checking locale.h presence
configure:20793: gcc -E  conftest.c
configure:20793: $? = 0
configure:20793: result: yes
configure:20793: checking for locale.h
configure:20793: result: yes
configure:20793: checking for memory.h
configure:20793: result: yes
configure:20793: checking getopt.h usability
configure:20793: gcc -c -g -O2 -Wall -Wmissing-declarations -Wmissing-prototypes  conftest.c >&5
configure:20793: $? = 0
configure:20793: result: yes
configure:20793: checking getopt.h presence
configure:20793: gcc -E  conftest.c
configure:20793: $? = 0
configure:20793: result: yes
configure:20793: checking for getopt.h
configure:20793: result: yes
configure:20793: checking for unistd.h
configure:20793: result: yes
configure:20793: checking mcheck.h usability
configure:20793: gcc -c -g -O2 -Wall -Wmissing-declarations -Wmissing-prototypes  conftest.c >&5
configure:20793: $? = 0
configure:20793: result: yes
configure:20793: checking mcheck.h presence
configure:20793: gcc -E  conftest.c
configure:20793: $? = 0
configure:20793: result: yes
configure:20793: checking for mcheck.h
configure:20793: result: yes
configure:20793: checking limits.h usability
configure:20793: gcc -c -g -O2 -Wall -Wmissing-declarations -Wmissing-prototypes  conftest.c >&5
configure:20793: $? = 0
configure:20793: result: yes
configure:20793: checking limits.h presence
configure:20793: gcc -E  conftest.c
configure:20793: $? = 0
configure:20793: result: yes
configure:20793: checking for limits.h
configure:20793: result: yes
configure:20793: checking sys/time.h usability
configure:20793: gcc -c -g -O2 -Wall -Wmissing-declarations -Wmissing-prototypes  conftest.c >&5
configure:20793: $? = 0
configure:20793: result: yes
configure:20793: checking sys/time.h presence
configure:20793: gcc -E  conftest.c
configure:20793: $? = 0
configure:20793: result: yes
configure:20793: checking for sys/time.h
configure:20793: result: yes
configure:20793: checking langinfo.h usability
configure:20793: gcc -c -g -O2 -Wall -Wmissing-declarations -Wmissing-prototypes  conftest.c >&5
configure:20793: $? = 0
configure:20793: result: yes
configure:20793: checking langinfo.h presence
configure:20793: gcc -E  conftest.c
configure:20793: $? = 0
configure:20793: result: yes
configure:20793: checking for langinfo.h
configure:20793: result: yes
configure:20803: checking for inline
configure:20819: gcc -c -g -O2 -Wall -Wmissing-declarations -Wmissing-prototypes  conftest.c >&5
configure:20819: $? = 0
configure:20827: result: inline
configure:20845: checking for an ANSI C-conforming const
configure:20911: gcc -c -g -O2 -Wall -Wmissing-declarations -Wmissing-prototypes  conftest.c >&5
configure:20911: $? = 0
configure:20918: result: yes
configure:20929: checking for size_t
configure:20929: gcc -c -g -O2 -Wall -Wmissing-declarations -Wmissing-prototypes  conftest.c >&5
configure:20929: $? = 0
configure:20929: gcc -c -g -O2 -Wall -Wmissing-declarations -Wmissing-prototypes  conftest.c >&5
conftest.c: In function 'main':
conftest.c:92:21: error: expected expression before ')' token
 if (sizeof ((size_t)))
                     ^
configure:20929: $? = 1
configure: failed program was:
| /* confdefs.h */
| #define PACKAGE_NAME "libgphoto2 photo camera library"
| #define PACKAGE_TARNAME "libgphoto2"
| #define PACKAGE_VERSION "2.5.16"
| #define PACKAGE_STRING "libgphoto2 photo camera library 2.5.16"
| #define PACKAGE_BUGREPORT "gphoto-devel@lists.sourceforge.net"
| #define PACKAGE_URL ""
| #define PACKAGE "libgphoto2"
| #define VERSION "2.5.16"
| #define STDC_HEADERS 1
| #define HAVE_SYS_TYPES_H 1
| #define HAVE_SYS_STAT_H 1
| #define HAVE_STDLIB_H 1
| #define HAVE_STRING_H 1
| #define HAVE_MEMORY_H 1
| #define HAVE_STRINGS_H 1
| #define HAVE_INTTYPES_H 1
| #define HAVE_STDINT_H 1
| #define HAVE_UNISTD_H 1
| #define HAVE_VA_COPY 1
| #define HAVE_DLFCN_H 1
| #define LT_OBJDIR ".libs/"
| #define HAVE_LTDL 1
| #define HAVE_CC "gcc"
| #define URL_GPHOTO_HOME "http://www.gphoto.org/"
| #define URL_GPHOTO_PROJECT "https://github.com/gphoto"
| #define URL_DIGICAM_LIST "http://www.teaser.fr/~hfiguiere/linux/digicam.html"
| #define URL_JPHOTO_HOME "http://jphoto.sourceforge.net/"
| #define URL_USB_MASSSTORAGE "http://www.linux-usb.org/USB-guide/x498.html"
| #define MAIL_GPHOTO_DEVEL "<gphoto-devel@lists.sourceforge.net>"
| #define MAIL_GPHOTO_USER "<gphoto-user@lists.sourceforge.net>"
| #define MAIL_GPHOTO_TRANSLATION "<gphoto-translation@lists.sourceforge.net>"
| #define GETTEXT_PACKAGE "libgphoto2-6"
| #define ENABLE_NLS 1
| #define HAVE_GETTEXT 1
| #define HAVE_DCGETTEXT 1
| #define HAVE_ICONV 1
| #define ICONV_CONST 
| #define HAVE_ASM_SYMVERS 1
| #define HAVE_LIBJPEG 1
| #define HAVE_LIBXML2 1
| #define HAVE_DIRENT_H 1
| #define STDC_HEADERS 1
| #define HAVE_SYS_PARAM_H 1
| #define HAVE_SYS_MMAN_H 1
| #define HAVE_SYS_SELECT_H 1
| #define HAVE_LOCALE_H 1
| #define HAVE_MEMORY_H 1
| #define HAVE_GETOPT_H 1
| #define HAVE_UNISTD_H 1
| #define HAVE_MCHECK_H 1
| #define HAVE_LIMITS_H 1
| #define HAVE_SYS_TIME_H 1
| #define HAVE_LANGINFO_H 1
| /* end confdefs.h.  */
| #include <stdio.h>
| #ifdef HAVE_SYS_TYPES_H
| # include <sys/types.h>
| #endif
| #ifdef HAVE_SYS_STAT_H
| # include <sys/stat.h>
| #endif
| #ifdef STDC_HEADERS
| # include <stdlib.h>
| # include <stddef.h>
| #else
| # ifdef HAVE_STDLIB_H
| #  include <stdlib.h>
| # endif
| #endif
| #ifdef HAVE_STRING_H
| # if !defined STDC_HEADERS && defined HAVE_MEMORY_H
| #  include <memory.h>
| # endif
| # include <string.h>
| #endif
| #ifdef HAVE_STRINGS_H
| # include <strings.h>
| #endif
| #ifdef HAVE_INTTYPES_H
| # include <inttypes.h>
| #endif
| #ifdef HAVE_STDINT_H
| # include <stdint.h>
| #endif
| #ifdef HAVE_UNISTD_H
| # include <unistd.h>
| #endif
| int
| main ()
| {
| if (sizeof ((size_t)))
| 	    return 0;
|   ;
|   return 0;
| }
configure:20929: result: yes
configure:20944: checking for getenv
configure:20944: gcc -o conftest -g -O2 -Wall -Wmissing-declarations -Wmissing-prototypes   conftest.c  >&5
configure:20944: $? = 0
configure:20944: result: yes
configure:20944: checking for getopt
configure:20944: gcc -o conftest -g -O2 -Wall -Wmissing-declarations -Wmissing-prototypes   conftest.c  >&5
configure:20944: $? = 0
configure:20944: result: yes
configure:20944: checking for getopt_long
configure:20944: gcc -o conftest -g -O2 -Wall -Wmissing-declarations -Wmissing-prototypes   conftest.c  >&5
configure:20944: $? = 0
configure:20944: result: yes
configure:20944: checking for mkdir
configure:20944: gcc -o conftest -g -O2 -Wall -Wmissing-declarations -Wmissing-prototypes   conftest.c  >&5
configure:20944: $? = 0
configure:20944: result: yes
configure:20944: checking for setenv
configure:20944: gcc -o conftest -g -O2 -Wall -Wmissing-declarations -Wmissing-prototypes   conftest.c  >&5
configure:20944: $? = 0
configure:20944: result: yes
configure:20944: checking for strdup
configure:20944: gcc -o conftest -g -O2 -Wall -Wmissing-declarations -Wmissing-prototypes   conftest.c  >&5
conftest.c:84:6: warning: conflicting types for built-in function 'strdup'
 char strdup ();
      ^
configure:20944: $? = 0
configure:20944: result: yes
configure:20944: checking for strncpy
configure:20944: gcc -o conftest -g -O2 -Wall -Wmissing-declarations -Wmissing-prototypes   conftest.c  >&5
conftest.c:85:6: warning: conflicting types for built-in function 'strncpy'
 char strncpy ();
      ^
configure:20944: $? = 0
configure:20944: result: yes
configure:20944: checking for strcpy
configure:20944: gcc -o conftest -g -O2 -Wall -Wmissing-declarations -Wmissing-prototypes   conftest.c  >&5
conftest.c:86:6: warning: conflicting types for built-in function 'strcpy'
 char strcpy ();
      ^
configure:20944: $? = 0
configure:20944: result: yes
configure:20944: checking for snprintf
configure:20944: gcc -o conftest -g -O2 -Wall -Wmissing-declarations -Wmissing-prototypes   conftest.c  >&5
conftest.c:87:6: warning: conflicting types for built-in function 'snprintf'
 char snprintf ();
      ^
configure:20944: $? = 0
configure:20944: result: yes
configure:20944: checking for sprintf
configure:20944: gcc -o conftest -g -O2 -Wall -Wmissing-declarations -Wmissing-prototypes   conftest.c  >&5
conftest.c:88:6: warning: conflicting types for built-in function 'sprintf'
 char sprintf ();
      ^
configure:20944: $? = 0
configure:20944: result: yes
configure:20944: checking for vsnprintf
configure:20944: gcc -o conftest -g -O2 -Wall -Wmissing-declarations -Wmissing-prototypes   conftest.c  >&5
conftest.c:89:6: warning: conflicting types for built-in function 'vsnprintf'
 char vsnprintf ();
      ^
configure:20944: $? = 0
configure:20944: result: yes
configure:20944: checking for gmtime_r
configure:20944: gcc -o conftest -g -O2 -Wall -Wmissing-declarations -Wmissing-prototypes   conftest.c  >&5
configure:20944: $? = 0
configure:20944: result: yes
configure:20944: checking for statfs
configure:20944: gcc -o conftest -g -O2 -Wall -Wmissing-declarations -Wmissing-prototypes   conftest.c  >&5
configure:20944: $? = 0
configure:20944: result: yes
configure:20944: checking for localtime_r
configure:20944: gcc -o conftest -g -O2 -Wall -Wmissing-declarations -Wmissing-prototypes   conftest.c  >&5
configure:20944: $? = 0
configure:20944: result: yes
configure:20944: checking for lstat
configure:20944: gcc -o conftest -g -O2 -Wall -Wmissing-declarations -Wmissing-prototypes   conftest.c  >&5
configure:20944: $? = 0
configure:20944: result: yes
configure:20944: checking for inet_aton
configure:20944: gcc -o conftest -g -O2 -Wall -Wmissing-declarations -Wmissing-prototypes   conftest.c  >&5
configure:20944: $? = 0
configure:20944: result: yes
configure:20944: checking for rand_r
configure:20944: gcc -o conftest -g -O2 -Wall -Wmissing-declarations -Wmissing-prototypes   conftest.c  >&5
configure:20944: $? = 0
configure:20944: result: yes
configure:20954: checking whether struct tm is in sys/time.h or time.h
configure:20974: gcc -c -g -O2 -Wall -Wmissing-declarations -Wmissing-prototypes  conftest.c >&5
configure:20974: $? = 0
configure:20981: result: time.h
configure:20990: checking for tm_gmtoff in struct tm
configure:21009: gcc -c -g -O2 -Wall -Wmissing-declarations -Wmissing-prototypes  conftest.c >&5
conftest.c: In function 'main':
conftest.c:82:1: warning: statement with no effect [-Wunused-value]
 tm.tm_gmtoff;
 ^
configure:21009: $? = 0
configure:21014: result: yes
configure:21028: checking for sys/mount.h
configure:21028: gcc -c -g -O2 -Wall -Wmissing-declarations -Wmissing-prototypes  conftest.c >&5
configure:21028: $? = 0
configure:21028: result: yes
configure:21028: checking for sys/statfs.h
configure:21028: gcc -c -g -O2 -Wall -Wmissing-declarations -Wmissing-prototypes  conftest.c >&5
configure:21028: $? = 0
configure:21028: result: yes
configure:21028: checking for sys/user.h
configure:21028: gcc -c -g -O2 -Wall -Wmissing-declarations -Wmissing-prototypes  conftest.c >&5
configure:21028: $? = 0
configure:21028: result: yes
configure:21028: checking for sys/vfs.h
configure:21028: gcc -c -g -O2 -Wall -Wmissing-declarations -Wmissing-prototypes  conftest.c >&5
configure:21028: $? = 0
configure:21028: result: yes
configure:21045: checking for struct statfs.f_bfree
configure:21045: gcc -c -g -O2 -Wall -Wmissing-declarations -Wmissing-prototypes  conftest.c >&5
configure:21045: $? = 0
configure:21045: result: yes
configure:21069: checking for struct statfs.f_bavail
configure:21069: gcc -c -g -O2 -Wall -Wmissing-declarations -Wmissing-prototypes  conftest.c >&5
configure:21069: $? = 0
configure:21069: result: yes
configure:21093: checking for struct statfs.f_favail
configure:21093: gcc -c -g -O2 -Wall -Wmissing-declarations -Wmissing-prototypes  conftest.c >&5
conftest.c: In function 'main':
conftest.c:100:12: error: 'struct statfs' has no member named 'f_favail'
 if (ac_aggr.f_favail)
            ^
conftest.c:99:22: warning: variable 'ac_aggr' set but not used [-Wunused-but-set-variable]
 static struct statfs ac_aggr;
                      ^
configure:21093: $? = 1
configure: failed program was:
| /* confdefs.h */
| #define PACKAGE_NAME "libgphoto2 photo camera library"
| #define PACKAGE_TARNAME "libgphoto2"
| #define PACKAGE_VERSION "2.5.16"
| #define PACKAGE_STRING "libgphoto2 photo camera library 2.5.16"
| #define PACKAGE_BUGREPORT "gphoto-devel@lists.sourceforge.net"
| #define PACKAGE_URL ""
| #define PACKAGE "libgphoto2"
| #define VERSION "2.5.16"
| #define STDC_HEADERS 1
| #define HAVE_SYS_TYPES_H 1
| #define HAVE_SYS_STAT_H 1
| #define HAVE_STDLIB_H 1
| #define HAVE_STRING_H 1
| #define HAVE_MEMORY_H 1
| #define HAVE_STRINGS_H 1
| #define HAVE_INTTYPES_H 1
| #define HAVE_STDINT_H 1
| #define HAVE_UNISTD_H 1
| #define HAVE_VA_COPY 1
| #define HAVE_DLFCN_H 1
| #define LT_OBJDIR ".libs/"
| #define HAVE_LTDL 1
| #define HAVE_CC "gcc"
| #define URL_GPHOTO_HOME "http://www.gphoto.org/"
| #define URL_GPHOTO_PROJECT "https://github.com/gphoto"
| #define URL_DIGICAM_LIST "http://www.teaser.fr/~hfiguiere/linux/digicam.html"
| #define URL_JPHOTO_HOME "http://jphoto.sourceforge.net/"
| #define URL_USB_MASSSTORAGE "http://www.linux-usb.org/USB-guide/x498.html"
| #define MAIL_GPHOTO_DEVEL "<gphoto-devel@lists.sourceforge.net>"
| #define MAIL_GPHOTO_USER "<gphoto-user@lists.sourceforge.net>"
| #define MAIL_GPHOTO_TRANSLATION "<gphoto-translation@lists.sourceforge.net>"
| #define GETTEXT_PACKAGE "libgphoto2-6"
| #define ENABLE_NLS 1
| #define HAVE_GETTEXT 1
| #define HAVE_DCGETTEXT 1
| #define HAVE_ICONV 1
| #define ICONV_CONST 
| #define HAVE_ASM_SYMVERS 1
| #define HAVE_LIBJPEG 1
| #define HAVE_LIBXML2 1
| #define HAVE_DIRENT_H 1
| #define STDC_HEADERS 1
| #define HAVE_SYS_PARAM_H 1
| #define HAVE_SYS_MMAN_H 1
| #define HAVE_SYS_SELECT_H 1
| #define HAVE_LOCALE_H 1
| #define HAVE_MEMORY_H 1
| #define HAVE_GETOPT_H 1
| #define HAVE_UNISTD_H 1
| #define HAVE_MCHECK_H 1
| #define HAVE_LIMITS_H 1
| #define HAVE_SYS_TIME_H 1
| #define HAVE_LANGINFO_H 1
| #define HAVE_GETENV 1
| #define HAVE_GETOPT 1
| #define HAVE_GETOPT_LONG 1
| #define HAVE_MKDIR 1
| #define HAVE_SETENV 1
| #define HAVE_STRDUP 1
| #define HAVE_STRNCPY 1
| #define HAVE_STRCPY 1
| #define HAVE_SNPRINTF 1
| #define HAVE_SPRINTF 1
| #define HAVE_VSNPRINTF 1
| #define HAVE_GMTIME_R 1
| #define HAVE_STATFS 1
| #define HAVE_LOCALTIME_R 1
| #define HAVE_LSTAT 1
| #define HAVE_INET_ATON 1
| #define HAVE_RAND_R 1
| #define HAVE_TM_GMTOFF 1
| #define HAVE_SYS_MOUNT_H 1
| #define HAVE_SYS_STATFS_H 1
| #define HAVE_SYS_USER_H 1
| #define HAVE_SYS_VFS_H 1
| #define HAVE_STRUCT_STATFS_F_BFREE 1
| #define HAVE_STRUCT_STATFS_F_BAVAIL 1
| /* end confdefs.h.  */
| 
| #include <sys/types.h>
| #ifdef HAVE_SYS_PARAM_H
| # include <sys/param.h>
| #endif
| #ifdef HAVE_SYS_MOUNT_H
| # include <sys/mount.h>
| #endif
| #ifdef HAVE_SYS_VFS_H
| # include <sys/vfs.h>
| #endif
| #ifdef HAVE_SYS_STATFS_H
| # include <sys/statfs.h>
| #endif
| 
| 
| int
| main ()
| {
| static struct statfs ac_aggr;
| if (ac_aggr.f_favail)
| return 0;
|   ;
|   return 0;
| }
configure:21093: gcc -c -g -O2 -Wall -Wmissing-declarations -Wmissing-prototypes  conftest.c >&5
conftest.c: In function 'main':
conftest.c:100:19: error: 'struct statfs' has no member named 'f_favail'
 if (sizeof ac_aggr.f_favail)
                   ^
conftest.c:99:22: warning: variable 'ac_aggr' set but not used [-Wunused-but-set-variable]
 static struct statfs ac_aggr;
                      ^
configure:21093: $? = 1
configure: failed program was:
| /* confdefs.h */
| #define PACKAGE_NAME "libgphoto2 photo camera library"
| #define PACKAGE_TARNAME "libgphoto2"
| #define PACKAGE_VERSION "2.5.16"
| #define PACKAGE_STRING "libgphoto2 photo camera library 2.5.16"
| #define PACKAGE_BUGREPORT "gphoto-devel@lists.sourceforge.net"
| #define PACKAGE_URL ""
| #define PACKAGE "libgphoto2"
| #define VERSION "2.5.16"
| #define STDC_HEADERS 1
| #define HAVE_SYS_TYPES_H 1
| #define HAVE_SYS_STAT_H 1
| #define HAVE_STDLIB_H 1
| #define HAVE_STRING_H 1
| #define HAVE_MEMORY_H 1
| #define HAVE_STRINGS_H 1
| #define HAVE_INTTYPES_H 1
| #define HAVE_STDINT_H 1
| #define HAVE_UNISTD_H 1
| #define HAVE_VA_COPY 1
| #define HAVE_DLFCN_H 1
| #define LT_OBJDIR ".libs/"
| #define HAVE_LTDL 1
| #define HAVE_CC "gcc"
| #define URL_GPHOTO_HOME "http://www.gphoto.org/"
| #define URL_GPHOTO_PROJECT "https://github.com/gphoto"
| #define URL_DIGICAM_LIST "http://www.teaser.fr/~hfiguiere/linux/digicam.html"
| #define URL_JPHOTO_HOME "http://jphoto.sourceforge.net/"
| #define URL_USB_MASSSTORAGE "http://www.linux-usb.org/USB-guide/x498.html"
| #define MAIL_GPHOTO_DEVEL "<gphoto-devel@lists.sourceforge.net>"
| #define MAIL_GPHOTO_USER "<gphoto-user@lists.sourceforge.net>"
| #define MAIL_GPHOTO_TRANSLATION "<gphoto-translation@lists.sourceforge.net>"
| #define GETTEXT_PACKAGE "libgphoto2-6"
| #define ENABLE_NLS 1
| #define HAVE_GETTEXT 1
| #define HAVE_DCGETTEXT 1
| #define HAVE_ICONV 1
| #define ICONV_CONST 
| #define HAVE_ASM_SYMVERS 1
| #define HAVE_LIBJPEG 1
| #define HAVE_LIBXML2 1
| #define HAVE_DIRENT_H 1
| #define STDC_HEADERS 1
| #define HAVE_SYS_PARAM_H 1
| #define HAVE_SYS_MMAN_H 1
| #define HAVE_SYS_SELECT_H 1
| #define HAVE_LOCALE_H 1
| #define HAVE_MEMORY_H 1
| #define HAVE_GETOPT_H 1
| #define HAVE_UNISTD_H 1
| #define HAVE_MCHECK_H 1
| #define HAVE_LIMITS_H 1
| #define HAVE_SYS_TIME_H 1
| #define HAVE_LANGINFO_H 1
| #define HAVE_GETENV 1
| #define HAVE_GETOPT 1
| #define HAVE_GETOPT_LONG 1
| #define HAVE_MKDIR 1
| #define HAVE_SETENV 1
| #define HAVE_STRDUP 1
| #define HAVE_STRNCPY 1
| #define HAVE_STRCPY 1
| #define HAVE_SNPRINTF 1
| #define HAVE_SPRINTF 1
| #define HAVE_VSNPRINTF 1
| #define HAVE_GMTIME_R 1
| #define HAVE_STATFS 1
| #define HAVE_LOCALTIME_R 1
| #define HAVE_LSTAT 1
| #define HAVE_INET_ATON 1
| #define HAVE_RAND_R 1
| #define HAVE_TM_GMTOFF 1
| #define HAVE_SYS_MOUNT_H 1
| #define HAVE_SYS_STATFS_H 1
| #define HAVE_SYS_USER_H 1
| #define HAVE_SYS_VFS_H 1
| #define HAVE_STRUCT_STATFS_F_BFREE 1
| #define HAVE_STRUCT_STATFS_F_BAVAIL 1
| /* end confdefs.h.  */
| 
| #include <sys/types.h>
| #ifdef HAVE_SYS_PARAM_H
| # include <sys/param.h>
| #endif
| #ifdef HAVE_SYS_MOUNT_H
| # include <sys/mount.h>
| #endif
| #ifdef HAVE_SYS_VFS_H
| # include <sys/vfs.h>
| #endif
| #ifdef HAVE_SYS_STATFS_H
| # include <sys/statfs.h>
| #endif
| 
| 
| int
| main ()
| {
| static struct statfs ac_aggr;
| if (sizeof ac_aggr.f_favail)
| return 0;
|   ;
|   return 0;
| }
configure:21093: result: no
configure:21119: checking for struct statvfs.f_blocks
configure:21119: gcc -c -g -O2 -Wall -Wmissing-declarations -Wmissing-prototypes  conftest.c >&5
conftest.c: In function 'main':
conftest.c:89:23: error: storage size of 'ac_aggr' isn't known
 static struct statvfs ac_aggr;
                       ^
conftest.c:89:23: warning: unused variable 'ac_aggr' [-Wunused-variable]
configure:21119: $? = 1
configure: failed program was:
| /* confdefs.h */
| #define PACKAGE_NAME "libgphoto2 photo camera library"
| #define PACKAGE_TARNAME "libgphoto2"
| #define PACKAGE_VERSION "2.5.16"
| #define PACKAGE_STRING "libgphoto2 photo camera library 2.5.16"
| #define PACKAGE_BUGREPORT "gphoto-devel@lists.sourceforge.net"
| #define PACKAGE_URL ""
| #define PACKAGE "libgphoto2"
| #define VERSION "2.5.16"
| #define STDC_HEADERS 1
| #define HAVE_SYS_TYPES_H 1
| #define HAVE_SYS_STAT_H 1
| #define HAVE_STDLIB_H 1
| #define HAVE_STRING_H 1
| #define HAVE_MEMORY_H 1
| #define HAVE_STRINGS_H 1
| #define HAVE_INTTYPES_H 1
| #define HAVE_STDINT_H 1
| #define HAVE_UNISTD_H 1
| #define HAVE_VA_COPY 1
| #define HAVE_DLFCN_H 1
| #define LT_OBJDIR ".libs/"
| #define HAVE_LTDL 1
| #define HAVE_CC "gcc"
| #define URL_GPHOTO_HOME "http://www.gphoto.org/"
| #define URL_GPHOTO_PROJECT "https://github.com/gphoto"
| #define URL_DIGICAM_LIST "http://www.teaser.fr/~hfiguiere/linux/digicam.html"
| #define URL_JPHOTO_HOME "http://jphoto.sourceforge.net/"
| #define URL_USB_MASSSTORAGE "http://www.linux-usb.org/USB-guide/x498.html"
| #define MAIL_GPHOTO_DEVEL "<gphoto-devel@lists.sourceforge.net>"
| #define MAIL_GPHOTO_USER "<gphoto-user@lists.sourceforge.net>"
| #define MAIL_GPHOTO_TRANSLATION "<gphoto-translation@lists.sourceforge.net>"
| #define GETTEXT_PACKAGE "libgphoto2-6"
| #define ENABLE_NLS 1
| #define HAVE_GETTEXT 1
| #define HAVE_DCGETTEXT 1
| #define HAVE_ICONV 1
| #define ICONV_CONST 
| #define HAVE_ASM_SYMVERS 1
| #define HAVE_LIBJPEG 1
| #define HAVE_LIBXML2 1
| #define HAVE_DIRENT_H 1
| #define STDC_HEADERS 1
| #define HAVE_SYS_PARAM_H 1
| #define HAVE_SYS_MMAN_H 1
| #define HAVE_SYS_SELECT_H 1
| #define HAVE_LOCALE_H 1
| #define HAVE_MEMORY_H 1
| #define HAVE_GETOPT_H 1
| #define HAVE_UNISTD_H 1
| #define HAVE_MCHECK_H 1
| #define HAVE_LIMITS_H 1
| #define HAVE_SYS_TIME_H 1
| #define HAVE_LANGINFO_H 1
| #define HAVE_GETENV 1
| #define HAVE_GETOPT 1
| #define HAVE_GETOPT_LONG 1
| #define HAVE_MKDIR 1
| #define HAVE_SETENV 1
| #define HAVE_STRDUP 1
| #define HAVE_STRNCPY 1
| #define HAVE_STRCPY 1
| #define HAVE_SNPRINTF 1
| #define HAVE_SPRINTF 1
| #define HAVE_VSNPRINTF 1
| #define HAVE_GMTIME_R 1
| #define HAVE_STATFS 1
| #define HAVE_LOCALTIME_R 1
| #define HAVE_LSTAT 1
| #define HAVE_INET_ATON 1
| #define HAVE_RAND_R 1
| #define HAVE_TM_GMTOFF 1
| #define HAVE_SYS_MOUNT_H 1
| #define HAVE_SYS_STATFS_H 1
| #define HAVE_SYS_USER_H 1
| #define HAVE_SYS_VFS_H 1
| #define HAVE_STRUCT_STATFS_F_BFREE 1
| #define HAVE_STRUCT_STATFS_F_BAVAIL 1
| /* end confdefs.h.  */
| 
| #ifdef HAVE_SYS_STATVFS_H
| # include <sys/statvfs.h>
| #endif
| 
| 
| int
| main ()
| {
| static struct statvfs ac_aggr;
| if (ac_aggr.f_blocks)
| return 0;
|   ;
|   return 0;
| }
configure:21119: gcc -c -g -O2 -Wall -Wmissing-declarations -Wmissing-prototypes  conftest.c >&5
conftest.c: In function 'main':
conftest.c:89:23: error: storage size of 'ac_aggr' isn't known
 static struct statvfs ac_aggr;
                       ^
conftest.c:89:23: warning: unused variable 'ac_aggr' [-Wunused-variable]
configure:21119: $? = 1
configure: failed program was:
| /* confdefs.h */
| #define PACKAGE_NAME "libgphoto2 photo camera library"
| #define PACKAGE_TARNAME "libgphoto2"
| #define PACKAGE_VERSION "2.5.16"
| #define PACKAGE_STRING "libgphoto2 photo camera library 2.5.16"
| #define PACKAGE_BUGREPORT "gphoto-devel@lists.sourceforge.net"
| #define PACKAGE_URL ""
| #define PACKAGE "libgphoto2"
| #define VERSION "2.5.16"
| #define STDC_HEADERS 1
| #define HAVE_SYS_TYPES_H 1
| #define HAVE_SYS_STAT_H 1
| #define HAVE_STDLIB_H 1
| #define HAVE_STRING_H 1
| #define HAVE_MEMORY_H 1
| #define HAVE_STRINGS_H 1
| #define HAVE_INTTYPES_H 1
| #define HAVE_STDINT_H 1
| #define HAVE_UNISTD_H 1
| #define HAVE_VA_COPY 1
| #define HAVE_DLFCN_H 1
| #define LT_OBJDIR ".libs/"
| #define HAVE_LTDL 1
| #define HAVE_CC "gcc"
| #define URL_GPHOTO_HOME "http://www.gphoto.org/"
| #define URL_GPHOTO_PROJECT "https://github.com/gphoto"
| #define URL_DIGICAM_LIST "http://www.teaser.fr/~hfiguiere/linux/digicam.html"
| #define URL_JPHOTO_HOME "http://jphoto.sourceforge.net/"
| #define URL_USB_MASSSTORAGE "http://www.linux-usb.org/USB-guide/x498.html"
| #define MAIL_GPHOTO_DEVEL "<gphoto-devel@lists.sourceforge.net>"
| #define MAIL_GPHOTO_USER "<gphoto-user@lists.sourceforge.net>"
| #define MAIL_GPHOTO_TRANSLATION "<gphoto-translation@lists.sourceforge.net>"
| #define GETTEXT_PACKAGE "libgphoto2-6"
| #define ENABLE_NLS 1
| #define HAVE_GETTEXT 1
| #define HAVE_DCGETTEXT 1
| #define HAVE_ICONV 1
| #define ICONV_CONST 
| #define HAVE_ASM_SYMVERS 1
| #define HAVE_LIBJPEG 1
| #define HAVE_LIBXML2 1
| #define HAVE_DIRENT_H 1
| #define STDC_HEADERS 1
| #define HAVE_SYS_PARAM_H 1
| #define HAVE_SYS_MMAN_H 1
| #define HAVE_SYS_SELECT_H 1
| #define HAVE_LOCALE_H 1
| #define HAVE_MEMORY_H 1
| #define HAVE_GETOPT_H 1
| #define HAVE_UNISTD_H 1
| #define HAVE_MCHECK_H 1
| #define HAVE_LIMITS_H 1
| #define HAVE_SYS_TIME_H 1
| #define HAVE_LANGINFO_H 1
| #define HAVE_GETENV 1
| #define HAVE_GETOPT 1
| #define HAVE_GETOPT_LONG 1
| #define HAVE_MKDIR 1
| #define HAVE_SETENV 1
| #define HAVE_STRDUP 1
| #define HAVE_STRNCPY 1
| #define HAVE_STRCPY 1
| #define HAVE_SNPRINTF 1
| #define HAVE_SPRINTF 1
| #define HAVE_VSNPRINTF 1
| #define HAVE_GMTIME_R 1
| #define HAVE_STATFS 1
| #define HAVE_LOCALTIME_R 1
| #define HAVE_LSTAT 1
| #define HAVE_INET_ATON 1
| #define HAVE_RAND_R 1
| #define HAVE_TM_GMTOFF 1
| #define HAVE_SYS_MOUNT_H 1
| #define HAVE_SYS_STATFS_H 1
| #define HAVE_SYS_USER_H 1
| #define HAVE_SYS_VFS_H 1
| #define HAVE_STRUCT_STATFS_F_BFREE 1
| #define HAVE_STRUCT_STATFS_F_BAVAIL 1
| /* end confdefs.h.  */
| 
| #ifdef HAVE_SYS_STATVFS_H
| # include <sys/statvfs.h>
| #endif
| 
| 
| int
| main ()
| {
| static struct statvfs ac_aggr;
| if (sizeof ac_aggr.f_blocks)
| return 0;
|   ;
|   return 0;
| }
configure:21119: result: no
configure:21167: checking for uint8_t in stdint.h
configure:21180: result: yes
configure:21348: checking whether byte ordering is bigendian
configure:21363: gcc -c -g -O2 -Wall -Wmissing-declarations -Wmissing-prototypes  conftest.c >&5
conftest.c:81:9: error: unknown type name 'not'
         not a universal capable compiler
         ^
conftest.c:81:15: error: expected '=', ',', ';', 'asm' or '__attribute__' before 'universal'
         not a universal capable compiler
               ^
conftest.c:81:15: error: unknown type name 'universal'
configure:21363: $? = 1
configure: failed program was:
| /* confdefs.h */
| #define PACKAGE_NAME "libgphoto2 photo camera library"
| #define PACKAGE_TARNAME "libgphoto2"
| #define PACKAGE_VERSION "2.5.16"
| #define PACKAGE_STRING "libgphoto2 photo camera library 2.5.16"
| #define PACKAGE_BUGREPORT "gphoto-devel@lists.sourceforge.net"
| #define PACKAGE_URL ""
| #define PACKAGE "libgphoto2"
| #define VERSION "2.5.16"
| #define STDC_HEADERS 1
| #define HAVE_SYS_TYPES_H 1
| #define HAVE_SYS_STAT_H 1
| #define HAVE_STDLIB_H 1
| #define HAVE_STRING_H 1
| #define HAVE_MEMORY_H 1
| #define HAVE_STRINGS_H 1
| #define HAVE_INTTYPES_H 1
| #define HAVE_STDINT_H 1
| #define HAVE_UNISTD_H 1
| #define HAVE_VA_COPY 1
| #define HAVE_DLFCN_H 1
| #define LT_OBJDIR ".libs/"
| #define HAVE_LTDL 1
| #define HAVE_CC "gcc"
| #define URL_GPHOTO_HOME "http://www.gphoto.org/"
| #define URL_GPHOTO_PROJECT "https://github.com/gphoto"
| #define URL_DIGICAM_LIST "http://www.teaser.fr/~hfiguiere/linux/digicam.html"
| #define URL_JPHOTO_HOME "http://jphoto.sourceforge.net/"
| #define URL_USB_MASSSTORAGE "http://www.linux-usb.org/USB-guide/x498.html"
| #define MAIL_GPHOTO_DEVEL "<gphoto-devel@lists.sourceforge.net>"
| #define MAIL_GPHOTO_USER "<gphoto-user@lists.sourceforge.net>"
| #define MAIL_GPHOTO_TRANSLATION "<gphoto-translation@lists.sourceforge.net>"
| #define GETTEXT_PACKAGE "libgphoto2-6"
| #define ENABLE_NLS 1
| #define HAVE_GETTEXT 1
| #define HAVE_DCGETTEXT 1
| #define HAVE_ICONV 1
| #define ICONV_CONST 
| #define HAVE_ASM_SYMVERS 1
| #define HAVE_LIBJPEG 1
| #define HAVE_LIBXML2 1
| #define HAVE_DIRENT_H 1
| #define STDC_HEADERS 1
| #define HAVE_SYS_PARAM_H 1
| #define HAVE_SYS_MMAN_H 1
| #define HAVE_SYS_SELECT_H 1
| #define HAVE_LOCALE_H 1
| #define HAVE_MEMORY_H 1
| #define HAVE_GETOPT_H 1
| #define HAVE_UNISTD_H 1
| #define HAVE_MCHECK_H 1
| #define HAVE_LIMITS_H 1
| #define HAVE_SYS_TIME_H 1
| #define HAVE_LANGINFO_H 1
| #define HAVE_GETENV 1
| #define HAVE_GETOPT 1
| #define HAVE_GETOPT_LONG 1
| #define HAVE_MKDIR 1
| #define HAVE_SETENV 1
| #define HAVE_STRDUP 1
| #define HAVE_STRNCPY 1
| #define HAVE_STRCPY 1
| #define HAVE_SNPRINTF 1
| #define HAVE_SPRINTF 1
| #define HAVE_VSNPRINTF 1
| #define HAVE_GMTIME_R 1
| #define HAVE_STATFS 1
| #define HAVE_LOCALTIME_R 1
| #define HAVE_LSTAT 1
| #define HAVE_INET_ATON 1
| #define HAVE_RAND_R 1
| #define HAVE_TM_GMTOFF 1
| #define HAVE_SYS_MOUNT_H 1
| #define HAVE_SYS_STATFS_H 1
| #define HAVE_SYS_USER_H 1
| #define HAVE_SYS_VFS_H 1
| #define HAVE_STRUCT_STATFS_F_BFREE 1
| #define HAVE_STRUCT_STATFS_F_BAVAIL 1
| /* end confdefs.h.  */
| #ifndef __APPLE_CC__
| 	       not a universal capable compiler
| 	     #endif
| 	     typedef int dummy;
| 
configure:21408: gcc -c -g -O2 -Wall -Wmissing-declarations -Wmissing-prototypes  conftest.c >&5
configure:21408: $? = 0
configure:21426: gcc -c -g -O2 -Wall -Wmissing-declarations -Wmissing-prototypes  conftest.c >&5
conftest.c: In function 'main':
conftest.c:87:4: error: unknown type name 'not'
    not big endian
    ^
conftest.c:87:12: error: expected '=', ',', ';', 'asm' or '__attribute__' before 'endian'
    not big endian
            ^
configure:21426: $? = 1
configure: failed program was:
| /* confdefs.h */
| #define PACKAGE_NAME "libgphoto2 photo camera library"
| #define PACKAGE_TARNAME "libgphoto2"
| #define PACKAGE_VERSION "2.5.16"
| #define PACKAGE_STRING "libgphoto2 photo camera library 2.5.16"
| #define PACKAGE_BUGREPORT "gphoto-devel@lists.sourceforge.net"
| #define PACKAGE_URL ""
| #define PACKAGE "libgphoto2"
| #define VERSION "2.5.16"
| #define STDC_HEADERS 1
| #define HAVE_SYS_TYPES_H 1
| #define HAVE_SYS_STAT_H 1
| #define HAVE_STDLIB_H 1
| #define HAVE_STRING_H 1
| #define HAVE_MEMORY_H 1
| #define HAVE_STRINGS_H 1
| #define HAVE_INTTYPES_H 1
| #define HAVE_STDINT_H 1
| #define HAVE_UNISTD_H 1
| #define HAVE_VA_COPY 1
| #define HAVE_DLFCN_H 1
| #define LT_OBJDIR ".libs/"
| #define HAVE_LTDL 1
| #define HAVE_CC "gcc"
| #define URL_GPHOTO_HOME "http://www.gphoto.org/"
| #define URL_GPHOTO_PROJECT "https://github.com/gphoto"
| #define URL_DIGICAM_LIST "http://www.teaser.fr/~hfiguiere/linux/digicam.html"
| #define URL_JPHOTO_HOME "http://jphoto.sourceforge.net/"
| #define URL_USB_MASSSTORAGE "http://www.linux-usb.org/USB-guide/x498.html"
| #define MAIL_GPHOTO_DEVEL "<gphoto-devel@lists.sourceforge.net>"
| #define MAIL_GPHOTO_USER "<gphoto-user@lists.sourceforge.net>"
| #define MAIL_GPHOTO_TRANSLATION "<gphoto-translation@lists.sourceforge.net>"
| #define GETTEXT_PACKAGE "libgphoto2-6"
| #define ENABLE_NLS 1
| #define HAVE_GETTEXT 1
| #define HAVE_DCGETTEXT 1
| #define HAVE_ICONV 1
| #define ICONV_CONST 
| #define HAVE_ASM_SYMVERS 1
| #define HAVE_LIBJPEG 1
| #define HAVE_LIBXML2 1
| #define HAVE_DIRENT_H 1
| #define STDC_HEADERS 1
| #define HAVE_SYS_PARAM_H 1
| #define HAVE_SYS_MMAN_H 1
| #define HAVE_SYS_SELECT_H 1
| #define HAVE_LOCALE_H 1
| #define HAVE_MEMORY_H 1
| #define HAVE_GETOPT_H 1
| #define HAVE_UNISTD_H 1
| #define HAVE_MCHECK_H 1
| #define HAVE_LIMITS_H 1
| #define HAVE_SYS_TIME_H 1
| #define HAVE_LANGINFO_H 1
| #define HAVE_GETENV 1
| #define HAVE_GETOPT 1
| #define HAVE_GETOPT_LONG 1
| #define HAVE_MKDIR 1
| #define HAVE_SETENV 1
| #define HAVE_STRDUP 1
| #define HAVE_STRNCPY 1
| #define HAVE_STRCPY 1
| #define HAVE_SNPRINTF 1
| #define HAVE_SPRINTF 1
| #define HAVE_VSNPRINTF 1
| #define HAVE_GMTIME_R 1
| #define HAVE_STATFS 1
| #define HAVE_LOCALTIME_R 1
| #define HAVE_LSTAT 1
| #define HAVE_INET_ATON 1
| #define HAVE_RAND_R 1
| #define HAVE_TM_GMTOFF 1
| #define HAVE_SYS_MOUNT_H 1
| #define HAVE_SYS_STATFS_H 1
| #define HAVE_SYS_USER_H 1
| #define HAVE_SYS_VFS_H 1
| #define HAVE_STRUCT_STATFS_F_BFREE 1
| #define HAVE_STRUCT_STATFS_F_BAVAIL 1
| /* end confdefs.h.  */
| #include <sys/types.h>
| 		#include <sys/param.h>
| 
| int
| main ()
| {
| #if BYTE_ORDER != BIG_ENDIAN
| 		 not big endian
| 		#endif
| 
|   ;
|   return 0;
| }
configure:21554: result: no
configure:21574: checking for le32toh in machine/endian.h
conftest.c:81:28: fatal error: machine/endian.h: No such file or directory
compilation terminated.
configure:21597: result: no
configure:21602: checking for ntohl in arpa/inet.h
configure:21615: result: yes
configure:21670: checking for swap32 in machine/endian.h
conftest.c:81:28: fatal error: machine/endian.h: No such file or directory
compilation terminated.
configure:21691: result: no
configure:21695: checking for bswap_32 in byteswap.h
configure:21708: result: yes
configure:22157: checking where to install camlibs
configure:22171: result: ${libdir}/libgphoto2/2.5.16
configure:22244: checking which camlibs to compile
configure:22258: result: all
configure:22374: checking main docdir
configure:22386: result: ${prefix}/share/doc (FHS style)
configure:22398: checking package docdir
configure:22409: result: ${prefix}/share/doc/libgphoto2 (default style)
configure:22417: checking for dot
configure:22435: found /usr/bin/dot
configure:22448: result: /usr/bin/dot
configure:22458: checking for doxygen
configure:22489: result: false
configure:22547: checking whether to create internal code docs
configure:22549: result: no
configure:22658: checking for html dir
configure:22662: result: ${prefix}/share/doc/libgphoto2/html (default)
configure:22685: checking for rpmbuild or rpm
configure:22693: result: using autodetection
configure:22699: checking for rpmbuild
configure:22729: result: no
configure:22699: checking for rpm
configure:22729: result: no
configure:22738: checking for rpmbuild or rpm
configure:22740: result: false (autodetected)
configure:22784: checking for hotplug doc dir
configure:22793: result: ${prefix}/share/doc/libgphoto2/linux-hotplug (default)
configure:22808: checking for hotplug usermap dir
configure:22817: result: ${prefix}/share/doc/libgphoto2/linux-hotplug (default)
configure:22844: checking for libexif to use
configure:22862: result: autodetect
configure:22871: checking for LIBEXIF
configure:22878: $PKG_CONFIG --exists --print-errors "libexif >= 0.6.13"
Package libexif was not found in the pkg-config search path.
Perhaps you should add the directory containing `libexif.pc'
to the PKG_CONFIG_PATH environment variable
No package 'libexif' found
configure:22881: $? = 1
configure:22895: $PKG_CONFIG --exists --print-errors "libexif >= 0.6.13"
Package libexif was not found in the pkg-config search path.
Perhaps you should add the directory containing `libexif.pc'
to the PKG_CONFIG_PATH environment variable
No package 'libexif' found
configure:22898: $? = 1
configure:22912: result: no
No package 'libexif' found
configure:22944: checking libexif config program
configure:22946: result: none
configure:22950: checking for none
configure:22983: result: no
configure:23357: checking that generated files are newer than configure
configure:23363: result: done
configure:23443: creating ./config.status

## ---------------------- ##
## Running config.status. ##
## ---------------------- ##

This file was extended by libgphoto2 photo camera library config.status 2.5.16, which was
generated by GNU Autoconf 2.69.  Invocation command line was

  CONFIG_FILES    = 
  CONFIG_HEADERS  = 
  CONFIG_LINKS    = 
  CONFIG_COMMANDS = 
  $ ./config.status 

on mdeore-lenovo-16

config.status:1358: creating README
config.status:1358: creating Makefile
config.status:1358: creating gphoto2-config
config.status:1358: creating camlibs/Makefile
config.status:1358: creating camlibs/canon/doc/Makefile
config.status:1358: creating camlibs/konica/localization/Makefile
config.status:1358: creating gphoto-m4/Makefile
config.status:1358: creating libgphoto2/Makefile
config.status:1358: creating libgphoto2.pc
config.status:1358: creating libgphoto2-uninstalled.pc
config.status:1358: creating examples/Makefile
config.status:1358: creating tests/Makefile
config.status:1358: creating tests/ddb/Makefile
config.status:1358: creating tests/ddb/check-ddb.sh
config.status:1358: creating packaging/Makefile
config.status:1358: creating packaging/linux-hotplug/Makefile
config.status:1358: creating packaging/generic/Makefile
config.status:1358: creating packaging/rpm/Makefile
config.status:1358: creating packaging/rpm/package.spec
config.status:1358: creating po/Makefile.in
config.status:1466: WARNING:  'po/Makefile.in.in' seems to ignore the --datarootdir setting
config.status:1358: creating doc/Makefile
config.status:1358: creating doc/Doxyfile
config.status:1358: creating doc/Doxyfile-internals
config.status:1358: creating doc/api/Makefile
config.status:1358: creating config.h
config.status:1587: executing depfiles commands
config.status:1587: executing libtool commands
config.status:1587: executing default-1 commands
config.status:1587: executing default-2 commands
configure:26346: === configuring in libgphoto2_port (/home/mdeore/360D-sampler/slrs/libgphoto2_port)
configure:26409: running /bin/bash ./configure --disable-option-checking '--prefix=/usr/local'  --cache-file=/dev/null --srcdir=.

## ---------------- ##
## Cache variables. ##
## ---------------- ##

ac_cv_build=x86_64-unknown-linux-gnu
ac_cv_c_bigendian=no
ac_cv_c_compiler_gnu=yes
ac_cv_c_const=yes
ac_cv_c_inline=inline
ac_cv_cxx_compiler_gnu=yes
ac_cv_env_CCC_set=
ac_cv_env_CCC_value=
ac_cv_env_CC_set=
ac_cv_env_CC_value=
ac_cv_env_CFLAGS_set=
ac_cv_env_CFLAGS_value=
ac_cv_env_CPPFLAGS_set=
ac_cv_env_CPPFLAGS_value=
ac_cv_env_CPP_set=
ac_cv_env_CPP_value=
ac_cv_env_CXXCPP_set=
ac_cv_env_CXXCPP_value=
ac_cv_env_CXXFLAGS_set=
ac_cv_env_CXXFLAGS_value=
ac_cv_env_CXX_set=
ac_cv_env_CXX_value=
ac_cv_env_LDFLAGS_set=
ac_cv_env_LDFLAGS_value=
ac_cv_env_LIBEXIF_CFLAGS_set=
ac_cv_env_LIBEXIF_CFLAGS_value=
ac_cv_env_LIBEXIF_LIBS_set=
ac_cv_env_LIBEXIF_LIBS_value=
ac_cv_env_LIBGD_CFLAGS_set=
ac_cv_env_LIBGD_CFLAGS_value=
ac_cv_env_LIBGD_LIBS_set=
ac_cv_env_LIBGD_LIBS_value=
ac_cv_env_LIBLTDL_set=
ac_cv_env_LIBLTDL_value=
ac_cv_env_LIBS_set=
ac_cv_env_LIBS_value=
ac_cv_env_LIBXML2_CFLAGS_set=
ac_cv_env_LIBXML2_CFLAGS_value=
ac_cv_env_LIBXML2_LIBS_set=
ac_cv_env_LIBXML2_LIBS_value=
ac_cv_env_LTDLINCL_set=
ac_cv_env_LTDLINCL_value=
ac_cv_env_LT_SYS_LIBRARY_PATH_set=
ac_cv_env_LT_SYS_LIBRARY_PATH_value=
ac_cv_env_PKG_CONFIG_LIBDIR_set=
ac_cv_env_PKG_CONFIG_LIBDIR_value=
ac_cv_env_PKG_CONFIG_PATH_set=
ac_cv_env_PKG_CONFIG_PATH_value=
ac_cv_env_PKG_CONFIG_set=
ac_cv_env_PKG_CONFIG_value=
ac_cv_env_build_alias_set=
ac_cv_env_build_alias_value=
ac_cv_env_host_alias_set=
ac_cv_env_host_alias_value=
ac_cv_env_target_alias_set=
ac_cv_env_target_alias_value=
ac_cv_env_udevscriptdir_set=
ac_cv_env_udevscriptdir_value=
ac_cv_env_utilsdir_set=
ac_cv_env_utilsdir_value=
ac_cv_func_dlopen=no
ac_cv_func_getenv=yes
ac_cv_func_getopt=yes
ac_cv_func_getopt_long=yes
ac_cv_func_gmtime_r=yes
ac_cv_func_inet_aton=yes
ac_cv_func_localtime_r=yes
ac_cv_func_lstat=yes
ac_cv_func_mkdir=yes
ac_cv_func_rand_r=yes
ac_cv_func_setenv=yes
ac_cv_func_shl_load=no
ac_cv_func_snprintf=yes
ac_cv_func_sprintf=yes
ac_cv_func_statfs=yes
ac_cv_func_strcpy=yes
ac_cv_func_strdup=yes
ac_cv_func_strncpy=yes
ac_cv_func_vsnprintf=yes
ac_cv_header_dirent_dirent_h=yes
ac_cv_header_dlfcn_h=yes
ac_cv_header_getopt_h=yes
ac_cv_header_inttypes_h=yes
ac_cv_header_jpeglib_h=yes
ac_cv_header_langinfo_h=yes
ac_cv_header_libxml_parser_h=yes
ac_cv_header_limits_h=yes
ac_cv_header_locale_h=yes
ac_cv_header_ltdl_h=yes
ac_cv_header_mcheck_h=yes
ac_cv_header_memory_h=yes
ac_cv_header_stdarg_h=yes
ac_cv_header_stdc=yes
ac_cv_header_stdint_h=yes
ac_cv_header_stdlib_h=yes
ac_cv_header_string_h=yes
ac_cv_header_strings_h=yes
ac_cv_header_sys_mman_h=yes
ac_cv_header_sys_mount_h=yes
ac_cv_header_sys_param_h=yes
ac_cv_header_sys_select_h=yes
ac_cv_header_sys_stat_h=yes
ac_cv_header_sys_statfs_h=yes
ac_cv_header_sys_time_h=yes
ac_cv_header_sys_types_h=yes
ac_cv_header_sys_user_h=yes
ac_cv_header_sys_vfs_h=yes
ac_cv_header_unistd_h=yes
ac_cv_host=x86_64-unknown-linux-gnu
ac_cv_lib_dl_dlopen=yes
ac_cv_lib_dld_shl_load=no
ac_cv_lib_ibs_main=no
ac_cv_lib_jpeg_jpeg_start_decompress=yes
ac_cv_lib_ltdl_lt_dlinit=yes
ac_cv_member_struct_statfs_f_bavail=yes
ac_cv_member_struct_statfs_f_bfree=yes
ac_cv_member_struct_statfs_f_favail=no
ac_cv_member_struct_statvfs_f_blocks=no
ac_cv_objext=o
ac_cv_path_DOT=/usr/bin/dot
ac_cv_path_DOXYGEN=false
ac_cv_path_EGREP='/bin/grep -E'
ac_cv_path_FGREP='/bin/grep -F'
ac_cv_path_GMSGFMT=/usr/bin/msgfmt
ac_cv_path_GREP=/bin/grep
ac_cv_path_LIBXML2_CONFIG_PROG=/home/mdeore/anaconda3/bin/xml2-config
ac_cv_path_MSGFMT=/usr/bin/msgfmt
ac_cv_path_MSGMERGE=/usr/bin/msgmerge
ac_cv_path_SED=sed
ac_cv_path_XGETTEXT=/usr/bin/xgettext
ac_cv_path_ac_pt_PKG_CONFIG=/usr/bin/pkg-config
ac_cv_path_install='/usr/bin/install -c'
ac_cv_path_lt_DD=/bin/dd
ac_cv_path_mkdir=/bin/mkdir
ac_cv_prog_AWK=mawk
ac_cv_prog_CPP='gcc -E'
ac_cv_prog_CXXCPP='g++ -E'
ac_cv_prog_ac_ct_AR=ar
ac_cv_prog_ac_ct_CC=gcc
ac_cv_prog_ac_ct_CXX=g++
ac_cv_prog_ac_ct_DLLTOOL=dlltool
ac_cv_prog_ac_ct_MANIFEST_TOOL=mt
ac_cv_prog_ac_ct_OBJDUMP=objdump
ac_cv_prog_ac_ct_RANLIB=ranlib
ac_cv_prog_ac_ct_STRIP=strip
ac_cv_prog_cc_c89=
ac_cv_prog_cc_g=yes
ac_cv_prog_cxx_g=yes
ac_cv_prog_make_make_set=yes
ac_cv_search_opendir='none required'
ac_cv_struct_tm=time.h
ac_cv_sys_file_offset_bits=no
ac_cv_sys_largefile_CC=no
ac_cv_type_size_t=yes
ac_cv_type_uint8_t=yes
acl_cv_hardcode_direct=no
acl_cv_hardcode_libdir_flag_spec='${wl}-rpath ${wl}$libdir'
acl_cv_hardcode_libdir_separator=
acl_cv_hardcode_minus_L=no
acl_cv_libext=a
acl_cv_path_LD='/usr/bin/ld -m elf_x86_64'
acl_cv_prog_gnu_ld=yes
acl_cv_rpath=done
acl_cv_shlibext=so
acl_cv_wl=-Wl,
am_cv_CC_dependencies_compiler_type=gcc3
am_cv_CXX_dependencies_compiler_type=gcc3
am_cv_ar_interface=ar
am_cv_func_iconv=yes
am_cv_lib_iconv=no
am_cv_make_support_nested_variables=yes
am_cv_prog_cc_c_o=yes
am_cv_proto_iconv='extern size_t iconv (iconv_t cd, char * *inbuf, size_t *inbytesleft, char * *outbuf, size_t *outbytesleft);'
am_cv_proto_iconv_arg1=
gt_cv_func_gnugettext1_libc=yes
lt_cv_ar_at_file=@
lt_cv_archive_cmds_need_lc=no
lt_cv_deplibs_check_method=pass_all
lt_cv_dlopen=dlopen
lt_cv_dlopen_libs=-ldl
lt_cv_dlopen_self=yes
lt_cv_dlopen_self_static=no
lt_cv_file_magic_cmd='$MAGIC_CMD'
lt_cv_file_magic_test_file=
lt_cv_ld_reload_flag=-r
lt_cv_nm_interface='BSD nm'
lt_cv_objdir=.libs
lt_cv_path_LD=/usr/bin/ld
lt_cv_path_LDCXX='/usr/bin/ld -m elf_x86_64'
lt_cv_path_NM='/usr/bin/nm -B'
lt_cv_path_mainfest_tool=no
lt_cv_prog_compiler_c_o=yes
lt_cv_prog_compiler_c_o_CXX=yes
lt_cv_prog_compiler_pic='-fPIC -DPIC'
lt_cv_prog_compiler_pic_CXX='-fPIC -DPIC'
lt_cv_prog_compiler_pic_works=yes
lt_cv_prog_compiler_pic_works_CXX=yes
lt_cv_prog_compiler_rtti_exceptions=no
lt_cv_prog_compiler_static_works=yes
lt_cv_prog_compiler_static_works_CXX=yes
lt_cv_prog_gnu_ld=yes
lt_cv_prog_gnu_ldcxx=yes
lt_cv_sharedlib_from_linklib_cmd='printf %s\n'
lt_cv_shlibpath_overrides_runpath=no
lt_cv_sys_global_symbol_pipe='sed -n -e '\''s/^.*[	 ]\([ABCDGIRSTW][ABCDGIRSTW]*\)[	 ][	 ]*\([_A-Za-z][_A-Za-z0-9]*\)$/\1 \2 \2/p'\'' | sed '\''/ __gnu_lto/d'\'''
lt_cv_sys_global_symbol_to_c_name_address='sed -n -e '\''s/^: \(.*\) .*$/  {"\1", (void *) 0},/p'\'' -e '\''s/^[ABCDGIRSTW][ABCDGIRSTW]* .* \(.*\)$/  {"\1", (void *) \&\1},/p'\'''
lt_cv_sys_global_symbol_to_c_name_address_lib_prefix='sed -n -e '\''s/^: \(.*\) .*$/  {"\1", (void *) 0},/p'\'' -e '\''s/^[ABCDGIRSTW][ABCDGIRSTW]* .* \(lib.*\)$/  {"\1", (void *) \&\1},/p'\'' -e '\''s/^[ABCDGIRSTW][ABCDGIRSTW]* .* \(.*\)$/  {"lib\1", (void *) \&\1},/p'\'''
lt_cv_sys_global_symbol_to_cdecl='sed -n -e '\''s/^T .* \(.*\)$/extern int \1();/p'\'' -e '\''s/^[ABCDGIRSTW][ABCDGIRSTW]* .* \(.*\)$/extern char \1;/p'\'''
lt_cv_sys_global_symbol_to_import=
lt_cv_sys_max_cmd_len=1572864
lt_cv_to_host_file_cmd=func_convert_file_noop
lt_cv_to_tool_file_cmd=func_convert_file_noop
lt_cv_truncate_bin='/bin/dd bs=4096 count=1'

## ----------------- ##
## Output variables. ##
## ----------------- ##

ACLOCAL='${SHELL} /home/mdeore/360D-sampler/slrs/auto-aux/missing aclocal-1.15'
ALL_DEFAULT_CAMLIBS='adc65 agfa_cl20 aox ax203 barbie canon casio_qv clicksmart310 digigr8 digita dimera3500 directory enigma13 fuji gsmart300 hp215 iclick jamcam jd11 jl2005a jl2005c kodak_dc120 kodak_dc210 kodak_dc240 kodak_dc3200 kodak_ez200 konica konica_qm150 largan lg_gsm mars dimagev mustek panasonic_coolshot panasonic_l859 panasonic_dc1000 panasonic_dc1580 pccam300 pccam600 pentax polaroid_pdc320 polaroid_pdc640 polaroid_pdc700 ptp2 ricoh ricoh_g3 samsung sierra sipix_blink2 sipix_web2 smal sonix sony_dscf1 sony_dscf55 soundvision spca50x sq905 st2205 stv0674 stv0680 sx330z topfield toshiba_pdrm11 tp6801'
ALL_DEFINED_CAMLIBS='adc65 agfa_cl20 aox ax203 barbie canon casio_qv clicksmart310 digigr8 digita dimera3500 directory enigma13 fuji gsmart300 hp215 iclick jamcam jd11 jl2005a jl2005c kodak_dc120 kodak_dc210 kodak_dc240 kodak_dc3200 kodak_ez200 konica konica_qm150 largan lg_gsm mars dimagev mustek panasonic_coolshot panasonic_l859 panasonic_dc1000 panasonic_dc1580 pccam300 pccam600 pentax polaroid_pdc320 polaroid_pdc640 polaroid_pdc700 ptp2 ricoh ricoh_g3 samsung sierra sipix_blink2 sipix_web2 smal sonix sony_dscf1 sony_dscf55 soundvision spca50x sq905 st2205 stv0674 stv0680 sx330z topfield toshiba_pdrm11 tp6801 sipix_blink template'
AMDEPBACKSLASH='\'
AMDEP_FALSE='#'
AMDEP_TRUE=''
AMTAR='$${TAR-tar}'
AM_BACKSLASH='\'
AM_CFLAGS=''
AM_CPPFLAGS=' -D_GPHOTO2_INTERNAL_CODE -DLOCALEDIR=\"$(datadir)/locale\" -DCAMLIBS=\"$(camlibdir)\"'
AM_CXXFLAGS=''
AM_DEFAULT_V='$(AM_DEFAULT_VERBOSITY)'
AM_DEFAULT_VERBOSITY='1'
AM_LDFLAGS=''
AM_V='$(V)'
AR='ar'
AS='as'
AUTOCONF='${SHELL} /home/mdeore/360D-sampler/slrs/auto-aux/missing autoconf'
AUTOHEADER='${SHELL} /home/mdeore/360D-sampler/slrs/auto-aux/missing autoheader'
AUTOMAKE='${SHELL} /home/mdeore/360D-sampler/slrs/auto-aux/missing automake-1.15'
AWK='mawk'
BISON=''
BUILD_THESE_CAMLIBS=' adc65.la agfa_cl20.la aox.la ax203.la barbie.la canon.la casio_qv.la clicksmart310.la digigr8.la digita.la dimera3500.la directory.la enigma13.la fuji.la gsmart300.la hp215.la iclick.la jamcam.la jd11.la jl2005a.la jl2005c.la kodak_dc120.la kodak_dc210.la kodak_dc240.la kodak_dc3200.la kodak_ez200.la konica.la konica_qm150.la largan.la lg_gsm.la mars.la dimagev.la mustek.la panasonic_coolshot.la panasonic_l859.la panasonic_dc1000.la panasonic_dc1580.la pccam300.la pccam600.la pentax.la polaroid_pdc320.la polaroid_pdc640.la polaroid_pdc700.la ptp2.la ricoh.la ricoh_g3.la samsung.la sierra.la sipix_blink2.la sipix_web2.la smal.la sonix.la sony_dscf1.la sony_dscf55.la soundvision.la spca50x.la sq905.la st2205.la stv0674.la stv0680.la sx330z.la topfield.la toshiba_pdrm11.la tp6801.la'
CC='gcc'
CCDEPMODE='depmode=gcc3'
CFLAGS='-g -O2 -Wall -Wmissing-declarations -Wmissing-prototypes'
CPP='gcc -E'
CPPFLAGS=''
CXX='g++'
CXXCPP='g++ -E'
CXXDEPMODE='depmode=gcc3'
CXXFLAGS='-g -O2'
CYGPATH_W='echo'
DEFS='-DHAVE_CONFIG_H'
DEPDIR='.deps'
DLLTOOL='dlltool'
DOT='/usr/bin/dot'
DOXYGEN='false'
DOXYGEN_OUTPUT_DIR='doxygen-output'
DSYMUTIL=''
DUMPBIN=''
ECHO_C=''
ECHO_N='-n'
ECHO_T=''
EGREP='/bin/grep -E'
ENABLED_GP2DDB_FALSE=''
ENABLED_GP2DDB_TRUE='#'
ENABLE_GTK_DOC_FALSE=''
ENABLE_GTK_DOC_TRUE='#'
ENABLE_INTERNAL_DOCS_FALSE=''
ENABLE_INTERNAL_DOCS_TRUE='#'
ENABLE_RPM_FALSE=''
ENABLE_RPM_TRUE='#'
EXEEXT=''
FGREP='/bin/grep -F'
FLEX=''
GETTEXT_PACKAGE='libgphoto2-6'
GMSGFMT='/usr/bin/msgfmt'
GREP='/bin/grep'
GTKDOC=''
HAVE_CXX_FALSE='#'
HAVE_CXX_TRUE=''
HAVE_DOT='YES'
HAVE_DOT_FALSE='#'
HAVE_DOT_TRUE=''
HAVE_DOXYGEN_FALSE=''
HAVE_DOXYGEN_TRUE='#'
HAVE_GCC_FALSE='#'
HAVE_GCC_TRUE=''
HAVE_LIBEXIF_FALSE=''
HAVE_LIBEXIF_TRUE='#'
HAVE_LIBGD_FALSE=''
HAVE_LIBGD_TRUE='#'
HAVE_LIBXML2_FALSE='#'
HAVE_LIBXML2_TRUE=''
HAVE_LINUX_FALSE='#'
HAVE_LINUX_TRUE=''
HAVE_UDEV_FALSE='#'
HAVE_UDEV_TRUE=''
HTML_APIDOC_DIR='libgphoto2-api.html'
HTML_APIDOC_INTERNALS_DIR='libgphoto2-internals.html'
INSTALL_DATA='${INSTALL} -m 644'
INSTALL_PROGRAM='${INSTALL}'
INSTALL_SCRIPT='${INSTALL}'
INSTALL_STRIP_PROGRAM='$(install_sh) -c -s'
INTLLIBS=''
LD='/usr/bin/ld -m elf_x86_64'
LDFLAGS=''
LIBEXIF_CFLAGS=''
LIBEXIF_CONFIG_PROG=''
LIBEXIF_LIBS=''
LIBGD_CFLAGS=''
LIBGD_CONFIG_PROG=''
LIBGD_LIBS=''
LIBGPHOTO2_AGE='0'
LIBGPHOTO2_CURRENT='6'
LIBGPHOTO2_CURRENT_MIN='6'
LIBGPHOTO2_REVISION='0'
LIBGPHOTO2_VERSION_INFO='6:0:0'
LIBICONV=''
LIBINTL=''
LIBJPEG='-ljpeg'
LIBLTDL='-lltdl'
LIBOBJS=''
LIBS=''
LIBTOOL='$(SHELL) $(top_builddir)/libtool'
LIBXML2_CFLAGS='-I/home/mdeore/anaconda3/include/libxml2 -I/home/mdeore/anaconda3/include'
LIBXML2_CONFIG_PROG='/home/mdeore/anaconda3/bin/xml2-config'
LIBXML2_LIBS='-L/home/mdeore/anaconda3/lib -lxml2 -L/home/mdeore/anaconda3/lib -lz -L/home/mdeore/anaconda3/lib -llzma -L/home/mdeore/anaconda3/lib -L/home/mdeore/anaconda3/lib -licui18n -licuuc -licudata -lm -ldl'
LIPO=''
LN_S='ln -s'
LTDLINCL=''
LTLIBICONV=''
LTLIBINTL=''
LTLIBOBJS=''
LT_SYS_LIBRARY_PATH=''
MAIL_GPHOTO_DEVEL='<gphoto-devel@lists.sourceforge.net>'
MAIL_GPHOTO_TRANSLATION='<gphoto-translation@lists.sourceforge.net>'
MAIL_GPHOTO_USER='<gphoto-user@lists.sourceforge.net>'
MAKEINFO='${SHELL} /home/mdeore/360D-sampler/slrs/auto-aux/missing makeinfo'
MANIFEST_TOOL=':'
MKDIR_P='/bin/mkdir -p'
MKINSTALLDIRS='$(top_builddir)/auto-aux/mkinstalldirs'
MSGFMT='/usr/bin/msgfmt'
MSGMERGE='/usr/bin/msgmerge'
NM='/usr/bin/nm -B'
NMEDIT=''
NO_UNUSED_CFLAGS='-Wno-unused'
OBJDUMP='objdump'
OBJEXT='o'
OTOOL64=''
OTOOL=''
PACKAGE='libgphoto2'
PACKAGE_BUGREPORT='gphoto-devel@lists.sourceforge.net'
PACKAGE_NAME='libgphoto2 photo camera library'
PACKAGE_STRING='libgphoto2 photo camera library 2.5.16'
PACKAGE_TARNAME='libgphoto2'
PACKAGE_URL=''
PACKAGE_VERSION='2.5.16'
PATH_SEPARATOR=':'
PKG_CONFIG='/usr/bin/pkg-config'
PKG_CONFIG_LIBDIR=''
PKG_CONFIG_PATH=''
POSUB='po'
RANLIB='ranlib'
REQUIREMENTS_FOR_LIBEXIF=''
REQUIREMENTS_FOR_LIBGD=''
REQUIREMENTS_FOR_LIBXML2='libxml-2.0 >= 2.0'
RPMBUILD='false'
SED='sed'
SET_MAKE=''
SHELL='/bin/bash'
STRIP='strip'
URL_DIGICAM_LIST='http://www.teaser.fr/~hfiguiere/linux/digicam.html'
URL_GPHOTO_HOME='http://www.gphoto.org/'
URL_GPHOTO_PROJECT='https://github.com/gphoto'
URL_JPHOTO_HOME='http://jphoto.sourceforge.net/'
URL_USB_MASSSTORAGE='http://www.linux-usb.org/USB-guide/x498.html'
USE_NLS='yes'
VERSION='2.5.16'
VERSIONMAPLDFLAGS='-Wl,--version-script=$(srcdir)/libgphoto2.ver'
XGETTEXT='/usr/bin/xgettext'
ac_ct_AR='ar'
ac_ct_CC='gcc'
ac_ct_CXX='g++'
ac_ct_DUMPBIN=''
am__EXEEXT_FALSE=''
am__EXEEXT_TRUE='#'
am__fastdepCC_FALSE='#'
am__fastdepCC_TRUE=''
am__fastdepCXX_FALSE='#'
am__fastdepCXX_TRUE=''
am__include='include'
am__isrc=''
am__leading_dot='.'
am__nodep='_no'
am__quote=''
am__tar='$${TAR-tar} chof - "$$tardir"'
am__untar='$${TAR-tar} xf -'
apidocdir='${prefix}/share/doc/libgphoto2/html/api'
bindir='${exec_prefix}/bin'
build='x86_64-unknown-linux-gnu'
build_alias=''
build_cpu='x86_64'
build_os='linux-gnu'
build_vendor='unknown'
camlibdir='${libdir}/libgphoto2/2.5.16'
camlibdocdir='${docdir}/camlibs'
datadir='${datarootdir}'
datarootdir='${prefix}/share'
docdir='${prefix}/share/doc/libgphoto2'
dvidir='${docdir}'
effective_target='x86_64-unknown-linux-gnu'
exec_prefix='${prefix}'
host='x86_64-unknown-linux-gnu'
host_alias=''
host_cpu='x86_64'
host_os='linux-gnu'
host_vendor='unknown'
hotplugdocdir='${prefix}/share/doc/libgphoto2/linux-hotplug'
hotplugusermapdir='${prefix}/share/doc/libgphoto2/linux-hotplug'
htmldir='${prefix}/share/doc/libgphoto2/html'
includedir='${prefix}/include'
infodir='${datarootdir}/info'
install_sh='${SHELL} /home/mdeore/360D-sampler/slrs/auto-aux/install-sh'
libdir='${exec_prefix}/lib'
libexecdir='${exec_prefix}/libexec'
localedir='$(datadir)/locale'
localstatedir='${prefix}/var'
mandir='${datarootdir}/man'
mkdir_p='$(MKDIR_P)'
oldincludedir='/usr/include'
pdfdir='${docdir}'
pkgconfigdir='${libdir}/pkgconfig'
prefix='/usr/local'
program_transform_name='s,x,x,'
psdir='${docdir}'
runstatedir='${localstatedir}/run'
sbindir='${exec_prefix}/sbin'
sharedstatedir='${prefix}/com'
subdirs=' libgphoto2_port'
sysconfdir='${prefix}/etc'
target_alias=''
udevscriptdir='${libdir}/udev'
utilsdir='${libdir}/${PACKAGE_TARNAME}'

## ----------- ##
## confdefs.h. ##
## ----------- ##

/* confdefs.h */
#define PACKAGE_NAME "libgphoto2 photo camera library"
#define PACKAGE_TARNAME "libgphoto2"
#define PACKAGE_VERSION "2.5.16"
#define PACKAGE_STRING "libgphoto2 photo camera library 2.5.16"
#define PACKAGE_BUGREPORT "gphoto-devel@lists.sourceforge.net"
#define PACKAGE_URL ""
#define PACKAGE "libgphoto2"
#define VERSION "2.5.16"
#define STDC_HEADERS 1
#define HAVE_SYS_TYPES_H 1
#define HAVE_SYS_STAT_H 1
#define HAVE_STDLIB_H 1
#define HAVE_STRING_H 1
#define HAVE_MEMORY_H 1
#define HAVE_STRINGS_H 1
#define HAVE_INTTYPES_H 1
#define HAVE_STDINT_H 1
#define HAVE_UNISTD_H 1
#define HAVE_VA_COPY 1
#define HAVE_DLFCN_H 1
#define LT_OBJDIR ".libs/"
#define HAVE_LTDL 1
#define HAVE_CC "gcc"
#define URL_GPHOTO_HOME "http://www.gphoto.org/"
#define URL_GPHOTO_PROJECT "https://github.com/gphoto"
#define URL_DIGICAM_LIST "http://www.teaser.fr/~hfiguiere/linux/digicam.html"
#define URL_JPHOTO_HOME "http://jphoto.sourceforge.net/"
#define URL_USB_MASSSTORAGE "http://www.linux-usb.org/USB-guide/x498.html"
#define MAIL_GPHOTO_DEVEL "<gphoto-devel@lists.sourceforge.net>"
#define MAIL_GPHOTO_USER "<gphoto-user@lists.sourceforge.net>"
#define MAIL_GPHOTO_TRANSLATION "<gphoto-translation@lists.sourceforge.net>"
#define GETTEXT_PACKAGE "libgphoto2-6"
#define ENABLE_NLS 1
#define HAVE_GETTEXT 1
#define HAVE_DCGETTEXT 1
#define HAVE_ICONV 1
#define ICONV_CONST 
#define HAVE_ASM_SYMVERS 1
#define HAVE_LIBJPEG 1
#define HAVE_LIBXML2 1
#define HAVE_DIRENT_H 1
#define STDC_HEADERS 1
#define HAVE_SYS_PARAM_H 1
#define HAVE_SYS_MMAN_H 1
#define HAVE_SYS_SELECT_H 1
#define HAVE_LOCALE_H 1
#define HAVE_MEMORY_H 1
#define HAVE_GETOPT_H 1
#define HAVE_UNISTD_H 1
#define HAVE_MCHECK_H 1
#define HAVE_LIMITS_H 1
#define HAVE_SYS_TIME_H 1
#define HAVE_LANGINFO_H 1
#define HAVE_GETENV 1
#define HAVE_GETOPT 1
#define HAVE_GETOPT_LONG 1
#define HAVE_MKDIR 1
#define HAVE_SETENV 1
#define HAVE_STRDUP 1
#define HAVE_STRNCPY 1
#define HAVE_STRCPY 1
#define HAVE_SNPRINTF 1
#define HAVE_SPRINTF 1
#define HAVE_VSNPRINTF 1
#define HAVE_GMTIME_R 1
#define HAVE_STATFS 1
#define HAVE_LOCALTIME_R 1
#define HAVE_LSTAT 1
#define HAVE_INET_ATON 1
#define HAVE_RAND_R 1
#define HAVE_TM_GMTOFF 1
#define HAVE_SYS_MOUNT_H 1
#define HAVE_SYS_STATFS_H 1
#define HAVE_SYS_USER_H 1
#define HAVE_SYS_VFS_H 1
#define HAVE_STRUCT_STATFS_F_BFREE 1
#define HAVE_STRUCT_STATFS_F_BAVAIL 1

configure: exit 0

## ---------------------- ##
## Running config.status. ##
## ---------------------- ##

This file was extended by libgphoto2 photo camera library config.status 2.5.16, which was
generated by GNU Autoconf 2.69.  Invocation command line was

  CONFIG_FILES    = 
  CONFIG_HEADERS  = 
  CONFIG_LINKS    = 
  CONFIG_COMMANDS = 
  $ ./config.status config.h

on mdeore-lenovo-16

config.status:1358: creating config.h
config.status:1539: config.h is unchanged
